#
# There is insufficient memory for the Java Runtime Environment to continue.
# Native memory allocation (mmap) failed to map 130023424 bytes for committing reserved memory.
# Possible reasons:
#   The system is out of physical RAM or swap space
#   The process is running with CompressedOops enabled, and the Java Heap may be blocking the growth of the native heap
# Possible solutions:
#   Reduce memory load on the system
#   Increase physical memory or swap space
#   Check if swap backing store is full
#   Decrease Java heap size (-Xmx/-Xms)
#   Decrease number of Java threads
#   Decrease Java thread stack sizes (-Xss)
#   Set larger code cache with -XX:ReservedCodeCacheSize=
# This output file may be truncated or incomplete.
#
#  Out of Memory Error (os_linux.cpp:2884), pid=7246, tid=7252
#
# JRE version:  (11.0.4+11) (build )
# Java VM: OpenJDK 64-Bit Server VM (11.0.4+11, mixed mode, aot, sharing, tiered, compressed oops, g1 gc, linux-amd64)
# Core dump will be written. Default location: Core dumps may be processed with "/usr/lib/systemd/systemd-coredump %P %u %g %s %t %c %h %e" (or dumping to /home/jacques/eclipse-workspace/Big Integer/core.7246)
#

---------------  S U M M A R Y ------------

Command Line: -Dfile.encoding=UTF-8 bigint.BigTest

Host: Intel(R) Core(TM) i5-7300HQ CPU @ 2.50GHz, 4 cores, 7G, Manjaro Linux
Time: Tue Oct  1 22:43:17 2019 EDT elapsed time: 0 seconds (0d 0h 0m 0s)

---------------  T H R E A D  ---------------

Current thread (0x00007fcf4c011800):  JavaThread "Unknown thread" [_thread_in_vm, id=7252, stack(0x00007fcf51943000,0x00007fcf51a44000)]

Stack: [0x00007fcf51943000,0x00007fcf51a44000],  sp=0x00007fcf51a422b0,  free space=1020k
Native frames: (J=compiled Java code, A=aot compiled Java code, j=interpreted, Vv=VM code, C=native code)
V  [libjvm.so+0xdbebd7]
V  [libjvm.so+0xdbf87d]
V  [libjvm.so+0x66ff07]
V  [libjvm.so+0xbbc004]
V  [libjvm.so+0xbb2b4e]
V  [libjvm.so+0x7841fc]
V  [libjvm.so+0x784620]
V  [libjvm.so+0x78f4f4]
V  [libjvm.so+0x80cdc4]
V  [libjvm.so+0x80d9f4]
V  [libjvm.so+0x80e006]
V  [libjvm.so+0x73e0f0]
V  [libjvm.so+0x73e824]
V  [libjvm.so+0xd7d822]
V  [libjvm.so+0xd7daf8]
V  [libjvm.so+0x8238c2]
V  [libjvm.so+0xd59f50]
V  [libjvm.so+0x8d6d72]  JNI_CreateJavaVM+0x52
C  [libjli.so+0x43e1]


---------------  P R O C E S S  ---------------

Threads class SMR info:
_java_thread_list=0x0000558a458e7f60, length=0, elements={
}

Java Threads: ( => current thread )

Other Threads:
  0x00007fcf4c027000 GCTaskThread "GC Thread#0" [stack: 0x00007fcf5160e000,0x00007fcf5170e000] [id=7254]
  0x00007fcf4c057800 ConcurrentGCThread "G1 Main Marker" [stack: 0x00007fcf50551000,0x00007fcf50651000] [id=7255]
  0x00007fcf4c059800 ConcurrentGCThread "G1 Conc#0" [stack: 0x00007fcf5044f000,0x00007fcf5054f000] [id=7256]

[error occurred during error reporting (printing all threads), id 0xb, SIGSEGV (0xb) at pc=0x00007fcf524e7700]

VM state:not at safepoint (not fully initialized)

VM Mutex/Monitor currently owned by a thread:  ([mutex/lock_event])
[0x00007fcf4c00ed50] Heap_lock - owner thread: 0x00007fcf4c011800

Heap address: 0x0000000085c00000, size: 1956 MB, Compressed Oops mode: Non-zero based: 0x0000000085c00000
Narrow klass base: 0x0000000000000000, Narrow klass shift: 0

GC Heap History (0 events):
No events

Deoptimization events (0 events):
No events

Classes redefined (0 events):
No events

Internal exceptions (0 events):
No events

Events (0 events):
No events


Dynamic libraries:
8d800000-100000000 ---p 00000000 00:00 0 
558a45174000-558a45175000 r--p 00000000 103:06 4722331                   /usr/lib/jvm/java-11-openjdk/bin/java
558a45175000-558a45176000 r-xp 00001000 103:06 4722331                   /usr/lib/jvm/java-11-openjdk/bin/java
558a45176000-558a45177000 r--p 00002000 103:06 4722331                   /usr/lib/jvm/java-11-openjdk/bin/java
558a45177000-558a45178000 r--p 00002000 103:06 4722331                   /usr/lib/jvm/java-11-openjdk/bin/java
558a45178000-558a45179000 rw-p 00003000 103:06 4722331                   /usr/lib/jvm/java-11-openjdk/bin/java
558a458d0000-558a458f1000 rw-p 00000000 00:00 0                          [heap]
7fcf20000000-7fcf20021000 rw-p 00000000 00:00 0 
7fcf20021000-7fcf24000000 ---p 00000000 00:00 0 
7fcf26000000-7fcf28000000 rw-p 00000000 00:00 0 
7fcf28000000-7fcf28021000 rw-p 00000000 00:00 0 
7fcf28021000-7fcf2c000000 ---p 00000000 00:00 0 
7fcf2c2e0000-7fcf30000000 ---p 00000000 00:00 0 
7fcf30000000-7fcf30021000 rw-p 00000000 00:00 0 
7fcf30021000-7fcf34000000 ---p 00000000 00:00 0 
7fcf34957000-7fcf34bc7000 rwxp 00000000 00:00 0 
7fcf34bc7000-7fcf34ee7000 ---p 00000000 00:00 0 
7fcf34ee7000-7fcf35157000 rwxp 00000000 00:00 0 
7fcf35157000-7fcf3c41f000 ---p 00000000 00:00 0 
7fcf3c41f000-7fcf3c68f000 rwxp 00000000 00:00 0 
7fcf3c68f000-7fcf43957000 ---p 00000000 00:00 0 
7fcf43957000-7fcf4c000000 r--s 00000000 103:06 4723955                   /usr/lib/jvm/java-11-openjdk/lib/modules
7fcf4c000000-7fcf4c074000 rw-p 00000000 00:00 0 
7fcf4c074000-7fcf50000000 ---p 00000000 00:00 0 
7fcf50049000-7fcf5044d000 rw-p 00000000 00:00 0 
7fcf5044d000-7fcf5044e000 ---p 00000000 00:00 0 
7fcf5044e000-7fcf5054f000 rw-p 00000000 00:00 0 
7fcf5054f000-7fcf50550000 ---p 00000000 00:00 0 
7fcf50550000-7fcf50692000 rw-p 00000000 00:00 0 
7fcf50692000-7fcf51208000 ---p 00000000 00:00 0 
7fcf51208000-7fcf5160c000 rw-p 00000000 00:00 0 
7fcf5160c000-7fcf5160d000 ---p 00000000 00:00 0 
7fcf5160d000-7fcf51713000 rw-p 00000000 00:00 0 
7fcf51713000-7fcf517f9000 ---p 00000000 00:00 0 
7fcf517f9000-7fcf517fe000 rw-p 00000000 00:00 0 
7fcf517fe000-7fcf518e4000 ---p 00000000 00:00 0 
7fcf518e4000-7fcf518e9000 rw-p 00000000 00:00 0 
7fcf518e9000-7fcf518f0000 ---p 00000000 00:00 0 
7fcf518f0000-7fcf518f2000 r--p 00000000 103:06 4723217                   /usr/lib/jvm/java-11-openjdk/lib/libjimage.so
7fcf518f2000-7fcf518f5000 r-xp 00002000 103:06 4723217                   /usr/lib/jvm/java-11-openjdk/lib/libjimage.so
7fcf518f5000-7fcf518f6000 r--p 00005000 103:06 4723217                   /usr/lib/jvm/java-11-openjdk/lib/libjimage.so
7fcf518f6000-7fcf518f7000 ---p 00006000 103:06 4723217                   /usr/lib/jvm/java-11-openjdk/lib/libjimage.so
7fcf518f7000-7fcf518f8000 r--p 00006000 103:06 4723217                   /usr/lib/jvm/java-11-openjdk/lib/libjimage.so
7fcf518f8000-7fcf518f9000 rw-p 00007000 103:06 4723217                   /usr/lib/jvm/java-11-openjdk/lib/libjimage.so
7fcf518f9000-7fcf518fb000 r--p 00000000 103:06 4723954                   /usr/lib/jvm/java-11-openjdk/lib/libzip.so
7fcf518fb000-7fcf518ff000 r-xp 00002000 103:06 4723954                   /usr/lib/jvm/java-11-openjdk/lib/libzip.so
7fcf518ff000-7fcf51901000 r--p 00006000 103:06 4723954                   /usr/lib/jvm/java-11-openjdk/lib/libzip.so
7fcf51901000-7fcf51902000 r--p 00007000 103:06 4723954                   /usr/lib/jvm/java-11-openjdk/lib/libzip.so
7fcf51902000-7fcf51903000 rw-p 00008000 103:06 4723954                   /usr/lib/jvm/java-11-openjdk/lib/libzip.so
7fcf51903000-7fcf5190b000 rw-s 00000000 00:2b 75                         /tmp/hsperfdata_jacques/7246
7fcf5190b000-7fcf51919000 r--p 00000000 103:06 4723211                   /usr/lib/jvm/java-11-openjdk/lib/libjava.so
7fcf51919000-7fcf5192e000 r-xp 0000e000 103:06 4723211                   /usr/lib/jvm/java-11-openjdk/lib/libjava.so
7fcf5192e000-7fcf51935000 r--p 00023000 103:06 4723211                   /usr/lib/jvm/java-11-openjdk/lib/libjava.so
7fcf51935000-7fcf51936000 r--p 00029000 103:06 4723211                   /usr/lib/jvm/java-11-openjdk/lib/libjava.so
7fcf51936000-7fcf51937000 rw-p 0002a000 103:06 4723211                   /usr/lib/jvm/java-11-openjdk/lib/libjava.so
7fcf51937000-7fcf51938000 rw-p 00000000 00:00 0 
7fcf51938000-7fcf5193b000 r--p 00000000 103:06 4604048                   /usr/lib/librt-2.29.so
7fcf5193b000-7fcf5193f000 r-xp 00003000 103:06 4604048                   /usr/lib/librt-2.29.so
7fcf5193f000-7fcf51941000 r--p 00007000 103:06 4604048                   /usr/lib/librt-2.29.so
7fcf51941000-7fcf51942000 r--p 00008000 103:06 4604048                   /usr/lib/librt-2.29.so
7fcf51942000-7fcf51943000 rw-p 00009000 103:06 4604048                   /usr/lib/librt-2.29.so
7fcf51943000-7fcf51947000 ---p 00000000 00:00 0 
7fcf51947000-7fcf51a44000 rw-p 00000000 00:00 0 
7fcf51a44000-7fcf51a47000 r--p 00000000 103:06 4591834                   /usr/lib/libgcc_s.so.1
7fcf51a47000-7fcf51a58000 r-xp 00003000 103:06 4591834                   /usr/lib/libgcc_s.so.1
7fcf51a58000-7fcf51a5c000 r--p 00014000 103:06 4591834                   /usr/lib/libgcc_s.so.1
7fcf51a5c000-7fcf51a5d000 r--p 00017000 103:06 4591834                   /usr/lib/libgcc_s.so.1
7fcf51a5d000-7fcf51a5e000 rw-p 00018000 103:06 4591834                   /usr/lib/libgcc_s.so.1
7fcf51a5e000-7fcf51a6d000 r--p 00000000 103:06 4596436                   /usr/lib/libm-2.29.so
7fcf51a6d000-7fcf51b09000 r-xp 0000f000 103:06 4596436                   /usr/lib/libm-2.29.so
7fcf51b09000-7fcf51ba2000 r--p 000ab000 103:06 4596436                   /usr/lib/libm-2.29.so
7fcf51ba2000-7fcf51ba3000 r--p 00143000 103:06 4596436                   /usr/lib/libm-2.29.so
7fcf51ba3000-7fcf51ba4000 rw-p 00144000 103:06 4596436                   /usr/lib/libm-2.29.so
7fcf51ba4000-7fcf51c39000 r--p 00000000 103:06 4593531                   /usr/lib/libstdc++.so.6.0.26
7fcf51c39000-7fcf51d31000 r-xp 00095000 103:06 4593531                   /usr/lib/libstdc++.so.6.0.26
7fcf51d31000-7fcf51d7a000 r--p 0018d000 103:06 4593531                   /usr/lib/libstdc++.so.6.0.26
7fcf51d7a000-7fcf51d7b000 ---p 001d6000 103:06 4593531                   /usr/lib/libstdc++.so.6.0.26
7fcf51d7b000-7fcf51d88000 r--p 001d6000 103:06 4593531                   /usr/lib/libstdc++.so.6.0.26
7fcf51d88000-7fcf51d89000 rw-p 001e3000 103:06 4593531                   /usr/lib/libstdc++.so.6.0.26
7fcf51d89000-7fcf51d8c000 rw-p 00000000 00:00 0 
7fcf51d8c000-7fcf51ffd000 r--p 00000000 103:06 4724499                   /usr/lib/jvm/java-11-openjdk/lib/server/libjvm.so
7fcf51ffd000-7fcf52bc0000 r-xp 00271000 103:06 4724499                   /usr/lib/jvm/java-11-openjdk/lib/server/libjvm.so
7fcf52bc0000-7fcf52dff000 r--p 00e34000 103:06 4724499                   /usr/lib/jvm/java-11-openjdk/lib/server/libjvm.so
7fcf52dff000-7fcf52e00000 ---p 01073000 103:06 4724499                   /usr/lib/jvm/java-11-openjdk/lib/server/libjvm.so
7fcf52e00000-7fcf52ebf000 r--p 01073000 103:06 4724499                   /usr/lib/jvm/java-11-openjdk/lib/server/libjvm.so
7fcf52ebf000-7fcf52ef8000 rw-p 01132000 103:06 4724499                   /usr/lib/jvm/java-11-openjdk/lib/server/libjvm.so
7fcf52ef8000-7fcf52f50000 rw-p 00000000 00:00 0 
7fcf52f50000-7fcf52f57000 r--p 00000000 103:06 4604040                   /usr/lib/libpthread-2.29.so
7fcf52f57000-7fcf52f66000 r-xp 00007000 103:06 4604040                   /usr/lib/libpthread-2.29.so
7fcf52f66000-7fcf52f6b000 r--p 00016000 103:06 4604040                   /usr/lib/libpthread-2.29.so
7fcf52f6b000-7fcf52f6c000 r--p 0001a000 103:06 4604040                   /usr/lib/libpthread-2.29.so
7fcf52f6c000-7fcf52f6d000 rw-p 0001b000 103:06 4604040                   /usr/lib/libpthread-2.29.so
7fcf52f6d000-7fcf52f71000 rw-p 00000000 00:00 0 
7fcf52f71000-7fcf52f72000 r--p 00000000 103:06 4596430                   /usr/lib/libdl-2.29.so
7fcf52f72000-7fcf52f73000 r-xp 00001000 103:06 4596430                   /usr/lib/libdl-2.29.so
7fcf52f73000-7fcf52f74000 r--p 00002000 103:06 4596430                   /usr/lib/libdl-2.29.so
7fcf52f74000-7fcf52f75000 r--p 00002000 103:06 4596430                   /usr/lib/libdl-2.29.so
7fcf52f75000-7fcf52f76000 rw-p 00003000 103:06 4596430                   /usr/lib/libdl-2.29.so
7fcf52f76000-7fcf52f8c000 r-xp 00000000 103:06 4593760                   /usr/lib/libz.so.1.2.11
7fcf52f8c000-7fcf5318b000 ---p 00016000 103:06 4593760                   /usr/lib/libz.so.1.2.11
7fcf5318b000-7fcf5318c000 r--p 00015000 103:06 4593760                   /usr/lib/libz.so.1.2.11
7fcf5318c000-7fcf5318d000 rw-p 00016000 103:06 4593760                   /usr/lib/libz.so.1.2.11
7fcf5318d000-7fcf531b2000 r--p 00000000 103:06 4596421                   /usr/lib/libc-2.29.so
7fcf531b2000-7fcf532fc000 r-xp 00025000 103:06 4596421                   /usr/lib/libc-2.29.so
7fcf532fc000-7fcf53345000 r--p 0016f000 103:06 4596421                   /usr/lib/libc-2.29.so
7fcf53345000-7fcf53346000 ---p 001b8000 103:06 4596421                   /usr/lib/libc-2.29.so
7fcf53346000-7fcf53349000 r--p 001b8000 103:06 4596421                   /usr/lib/libc-2.29.so
7fcf53349000-7fcf5334c000 rw-p 001bb000 103:06 4596421                   /usr/lib/libc-2.29.so
7fcf5334c000-7fcf53350000 rw-p 00000000 00:00 0 
7fcf53354000-7fcf53357000 r--p 00000000 103:06 4602766                   /usr/lib/libnss_files-2.29.so
7fcf53357000-7fcf5335e000 r-xp 00003000 103:06 4602766                   /usr/lib/libnss_files-2.29.so
7fcf5335e000-7fcf53360000 r--p 0000a000 103:06 4602766                   /usr/lib/libnss_files-2.29.so
7fcf53360000-7fcf53361000 r--p 0000b000 103:06 4602766                   /usr/lib/libnss_files-2.29.so
7fcf53361000-7fcf53362000 rw-p 0000c000 103:06 4602766                   /usr/lib/libnss_files-2.29.so
7fcf53362000-7fcf53368000 rw-p 00000000 00:00 0 
7fcf53368000-7fcf53369000 ---p 00000000 00:00 0 
7fcf53369000-7fcf5336a000 r--p 00000000 00:00 0 
7fcf5336a000-7fcf5336f000 r--p 00000000 103:06 4723952                   /usr/lib/jvm/java-11-openjdk/lib/libverify.so
7fcf5336f000-7fcf53376000 r-xp 00005000 103:06 4723952                   /usr/lib/jvm/java-11-openjdk/lib/libverify.so
7fcf53376000-7fcf53378000 r--p 0000c000 103:06 4723952                   /usr/lib/jvm/java-11-openjdk/lib/libverify.so
7fcf53378000-7fcf53379000 ---p 0000e000 103:06 4723952                   /usr/lib/jvm/java-11-openjdk/lib/libverify.so
7fcf53379000-7fcf5337b000 r--p 0000e000 103:06 4723952                   /usr/lib/jvm/java-11-openjdk/lib/libverify.so
7fcf5337b000-7fcf5337c000 rw-p 00010000 103:06 4723952                   /usr/lib/jvm/java-11-openjdk/lib/libverify.so
7fcf5337c000-7fcf5337f000 r--p 00000000 103:06 4722356                   /usr/lib/jvm/java-11-openjdk/lib/jli/libjli.so
7fcf5337f000-7fcf53389000 r-xp 00003000 103:06 4722356                   /usr/lib/jvm/java-11-openjdk/lib/jli/libjli.so
7fcf53389000-7fcf5338c000 r--p 0000d000 103:06 4722356                   /usr/lib/jvm/java-11-openjdk/lib/jli/libjli.so
7fcf5338c000-7fcf5338d000 ---p 00010000 103:06 4722356                   /usr/lib/jvm/java-11-openjdk/lib/jli/libjli.so
7fcf5338d000-7fcf5338e000 r--p 00010000 103:06 4722356                   /usr/lib/jvm/java-11-openjdk/lib/jli/libjli.so
7fcf5338e000-7fcf5338f000 rw-p 00011000 103:06 4722356                   /usr/lib/jvm/java-11-openjdk/lib/jli/libjli.so
7fcf5338f000-7fcf53391000 rw-p 00000000 00:00 0 
7fcf53391000-7fcf53393000 r--p 00000000 103:06 4596410                   /usr/lib/ld-2.29.so
7fcf53393000-7fcf533b2000 r-xp 00002000 103:06 4596410                   /usr/lib/ld-2.29.so
7fcf533b2000-7fcf533ba000 r--p 00021000 103:06 4596410                   /usr/lib/ld-2.29.so
7fcf533bb000-7fcf533bc000 r--p 00029000 103:06 4596410                   /usr/lib/ld-2.29.so
7fcf533bc000-7fcf533bd000 rw-p 0002a000 103:06 4596410                   /usr/lib/ld-2.29.so
7fcf533bd000-7fcf533be000 rw-p 00000000 00:00 0 
7ffe84dc2000-7ffe84de3000 rw-p 00000000 00:00 0                          [stack]
7ffe84de5000-7ffe84de8000 r--p 00000000 00:00 0                          [vvar]
7ffe84de8000-7ffe84dea000 r-xp 00000000 00:00 0                          [vdso]


VM Arguments:
jvm_args: -Dfile.encoding=UTF-8 
java_command: bigint.BigTest
java_class_path (initial): /home/jacques/eclipse-workspace/Big Integer/bin
Launcher Type: SUN_STANDARD

[Global flags]
     intx CICompilerCount                          = 3                                         {product} {ergonomic}
     uint ConcGCThreads                            = 1                                         {product} {ergonomic}
     uint G1ConcRefinementThreads                  = 4                                         {product} {ergonomic}
   size_t G1HeapRegionSize                         = 1048576                                   {product} {ergonomic}
    uintx GCDrainStackTargetSize                   = 64                                        {product} {ergonomic}
   size_t InitialHeapSize                          = 130023424                                 {product} {ergonomic}
   size_t MarkStackSize                            = 4194304                                   {product} {ergonomic}
   size_t MaxHeapSize                              = 2051014656                                {product} {ergonomic}
   size_t MinHeapDeltaBytes                        = 1048576                                   {product} {ergonomic}
    uintx NonNMethodCodeHeapSize                   = 5830092                                {pd product} {ergonomic}
    uintx NonProfiledCodeHeapSize                  = 122914074                              {pd product} {ergonomic}
    uintx ProfiledCodeHeapSize                     = 122914074                              {pd product} {ergonomic}
    uintx ReservedCodeCacheSize                    = 251658240                              {pd product} {ergonomic}
     bool SegmentedCodeCache                       = true                                      {product} {ergonomic}
     bool UseCompressedClassPointers               = true                                 {lp64_product} {ergonomic}
     bool UseCompressedOops                        = true                                 {lp64_product} {ergonomic}
     bool UseG1GC                                  = true                                      {product} {ergonomic}

Logging:
Log output configuration:
 #0: stdout all=warning uptime,level,tags
 #1: stderr all=off uptime,level,tags

Environment Variables:
PATH=/home/jacques/.local/bin:/usr/local/bin:/usr/bin:/bin:/usr/local/sbin:/usr/lib/jvm/default/bin:/usr/bin/site_perl:/usr/bin/vendor_perl:/usr/bin/core_perl
SHELL=/bin/bash
DISPLAY=:0

Signal Handlers:
SIGSEGV: [libjvm.so+0xdc05b0], sa_mask[0]=11111111011111111101111111111110, sa_flags=SA_RESTART|SA_SIGINFO
SIGBUS: [libjvm.so+0xdc05b0], sa_mask[0]=11111111011111111101111111111110, sa_flags=SA_RESTART|SA_SIGINFO
SIGFPE: [libjvm.so+0xdc05b0], sa_mask[0]=11111111011111111101111111111110, sa_flags=SA_RESTART|SA_SIGINFO
SIGPIPE: [libjvm.so+0xbb7680], sa_mask[0]=11111111011111111101111111111110, sa_flags=SA_RESTART|SA_SIGINFO
SIGXFSZ: [libjvm.so+0xbb7680], sa_mask[0]=11111111011111111101111111111110, sa_flags=SA_RESTART|SA_SIGINFO
SIGILL: [libjvm.so+0xdc05b0], sa_mask[0]=11111111011111111101111111111110, sa_flags=SA_RESTART|SA_SIGINFO
SIGUSR2: [libjvm.so+0xbb7510], sa_mask[0]=00100000000000000000000000000000, sa_flags=SA_RESTART|SA_SIGINFO
SIGHUP: SIG_DFL, sa_mask[0]=00000000000000000000000000000000, sa_flags=none
SIGINT: SIG_DFL, sa_mask[0]=00000000000000000000000000000000, sa_flags=none
SIGTERM: SIG_DFL, sa_mask[0]=00000000000000000000000000000000, sa_flags=none
SIGQUIT: SIG_DFL, sa_mask[0]=00000000000000000000000000000000, sa_flags=none


---------------  S Y S T E M  ---------------

OS:DISTRIB_ID=ManjaroLinux
DISTRIB_RELEASE=18.1.0
DISTRIB_CODENAME=Juhraya
DISTRIB_DESCRIPTION="Manjaro Linux"
uname:Linux 4.19.69-1-MANJARO #1 SMP PREEMPT Thu Aug 29 08:51:46 UTC 2019 x86_64
libc:glibc 2.29 NPTL 2.29 
rlimit: STACK 8192k, CORE infinity, NPROC 31068, NOFILE 524288, AS infinity, DATA infinity, FSIZE infinity
load average:0.97 0.82 0.71

/proc/meminfo:
MemTotal:        8011652 kB
MemFree:          130708 kB
MemAvailable:      49748 kB
Buffers:            1668 kB
Cached:          2186664 kB
SwapCached:            0 kB
Active:          5311308 kB
Inactive:        2145448 kB
Active(anon):    5278724 kB
Inactive(anon):  2113288 kB
Active(file):      32584 kB
Inactive(file):    32160 kB
Unevictable:          64 kB
Mlocked:              64 kB
SwapTotal:             0 kB
SwapFree:              0 kB
Dirty:                24 kB
Writeback:             0 kB
AnonPages:       5269084 kB
Mapped:           443140 kB
Shmem:           2123008 kB
Slab:             169852 kB
SReclaimable:      55084 kB
SUnreclaim:       114768 kB
KernelStack:       23088 kB
PageTables:        70284 kB
NFS_Unstable:          0 kB
Bounce:                0 kB
WritebackTmp:          0 kB
CommitLimit:     4005824 kB
Committed_AS:   20175496 kB
VmallocTotal:   34359738367 kB
VmallocUsed:           0 kB
VmallocChunk:          0 kB
Percpu:             1456 kB
HardwareCorrupted:     0 kB
AnonHugePages:         0 kB
ShmemHugePages:        0 kB
ShmemPmdMapped:        0 kB
HugePages_Total:       0
HugePages_Free:        0
HugePages_Rsvd:        0
HugePages_Surp:        0
Hugepagesize:       2048 kB
Hugetlb:               0 kB
DirectMap4k:      591604 kB
DirectMap2M:     7643136 kB
DirectMap1G:           0 kB


/proc/sys/kernel/threads-max (system-wide limit on the number of threads):
62136


/proc/sys/vm/max_map_count (maximum number of memory map areas a process may have):
65530


/proc/sys/kernel/pid_max (system-wide limit on number of process identifiers):
32768



container (cgroup) information:
container_type: cgroupv1
cpu_cpuset_cpus: 0-3
cpu_memory_nodes: 0
active_processor_count: 4
cpu_quota: -1
cpu_period: 100000
cpu_shares: -1
memory_limit_in_bytes: -1
memory_and_swap_limit_in_bytes: -1
memory_soft_limit_in_bytes: -1
memory_usage_in_bytes: 7247675392
memory_max_usage_in_bytes: 7270305792

Steal ticks since vm start: 0
Steal ticks percentage since vm start:  0.000

CPU:total 4 (initial active 4) (4 cores per cpu, 1 threads per core) family 6 model 158 stepping 9, cmov, cx8, fxsr, mmx, sse, sse2, sse3, ssse3, sse4.1, sse4.2, popcnt, avx, avx2, aes, clmul, erms, 3dnowpref, lzcnt, tsc, tscinvbit, bmi1, bmi2, adx, fma
CPU Model and flags from /proc/cpuinfo:
model name	: Intel(R) Core(TM) i5-7300HQ CPU @ 2.50GHz
flags		: fpu vme de pse tsc msr pae mce cx8 apic sep mtrr pge mca cmov pat pse36 clflush dts acpi mmx fxsr sse sse2 ss ht tm pbe syscall nx pdpe1gb rdtscp lm constant_tsc art arch_perfmon pebs bts rep_good nopl xtopology nonstop_tsc cpuid aperfmperf tsc_known_freq pni pclmulqdq dtes64 monitor ds_cpl vmx est tm2 ssse3 sdbg fma cx16 xtpr pdcm pcid sse4_1 sse4_2 x2apic movbe popcnt tsc_deadline_timer aes xsave avx f16c rdrand lahf_lm abm 3dnowprefetch cpuid_fault epb invpcid_single pti ssbd ibrs ibpb stibp tpr_shadow vnmi flexpriority ept vpid ept_ad fsgsbase tsc_adjust bmi1 avx2 smep bmi2 erms invpcid mpx rdseed adx smap clflushopt intel_pt xsaveopt xsavec xgetbv1 xsaves dtherm ida arat pln pts hwp hwp_notify hwp_act_window hwp_epp md_clear flush_l1d

Memory: 4k page, physical 8011652k(131212k free), swap 0k(0k free)

vm_info: OpenJDK 64-Bit Server VM (11.0.4+11) for linux-amd64 JRE (11.0.4+11), built on Jul 24 2019 22:42:35 by "builduser" with gcc 9.1.0

END.
