#
# There is insufficient memory for the Java Runtime Environment to continue.
# Native memory allocation (mmap) failed to map 109051904 bytes for committing reserved memory.
# Possible reasons:
#   The system is out of physical RAM or swap space
#   The process is running with CompressedOops enabled, and the Java Heap may be blocking the growth of the native heap
# Possible solutions:
#   Reduce memory load on the system
#   Increase physical memory or swap space
#   Check if swap backing store is full
#   Decrease Java heap size (-Xmx/-Xms)
#   Decrease number of Java threads
#   Decrease Java thread stack sizes (-Xss)
#   Set larger code cache with -XX:ReservedCodeCacheSize=
#   JVM is running with Unscaled Compressed Oops mode in which the Java heap is
#     placed in the first 4GB address space. The Java Heap base address is the
#     maximum limit for the native heap growth. Please use -XX:HeapBaseMinAddress
#     to set the Java Heap base and to place the Java Heap above 4GB virtual address.
# This output file may be truncated or incomplete.
#
#  Out of Memory Error (os_linux.cpp:2884), pid=7748, tid=7761
#
# JRE version: OpenJDK Runtime Environment (11.0.4+11) (build 11.0.4+11)
# Java VM: OpenJDK 64-Bit Server VM (11.0.4+11, mixed mode, tiered, compressed oops, g1 gc, linux-amd64)
# Core dump will be written. Default location: Core dumps may be processed with "/usr/lib/systemd/systemd-coredump %P %u %g %s %t %c %h %e" (or dumping to /home/jacques/eclipse-workspace/Big Integer/core.7748)
#

---------------  S U M M A R Y ------------

Command Line: -Dfile.encoding=UTF-8 bigint.BigTest

Host: Intel(R) Core(TM) i5-7300HQ CPU @ 2.50GHz, 4 cores, 7G, Manjaro Linux
Time: Tue Oct  1 22:51:37 2019 EDT elapsed time: 17 seconds (0d 0h 0m 17s)

---------------  T H R E A D  ---------------

Current thread (0x00007fca24133000):  VMThread "VM Thread" [stack: 0x00007fca00786000,0x00007fca00886000] [id=7761]

Stack: [0x00007fca00786000,0x00007fca00886000],  sp=0x00007fca00883f80,  free space=1015k
Native frames: (J=compiled Java code, A=aot compiled Java code, j=interpreted, Vv=VM code, C=native code)
V  [libjvm.so+0xdbebd7]
V  [libjvm.so+0xdbf87d]
V  [libjvm.so+0x66ff07]
V  [libjvm.so+0xbbc004]
V  [libjvm.so+0xbb2b4e]
V  [libjvm.so+0x7841fc]
V  [libjvm.so+0x784620]
V  [libjvm.so+0x78f4f4]
V  [libjvm.so+0x80cdc4]
V  [libjvm.so+0x80d9f4]
V  [libjvm.so+0x80e006]
V  [libjvm.so+0x73e0f0]
V  [libjvm.so+0x74282b]
V  [libjvm.so+0xdca7e8]
V  [libjvm.so+0xdc93a0]
V  [libjvm.so+0xdc6a9a]
V  [libjvm.so+0xdc7112]
V  [libjvm.so+0xdc7448]
V  [libjvm.so+0xd57058]
V  [libjvm.so+0xbc0c61]

VM_Operation (0x00007fca281be510): G1CollectForAllocation, mode: safepoint, requested by thread 0x00007fca24011800


---------------  P R O C E S S  ---------------

Threads class SMR info:
_java_thread_list=0x00007fca241ea080, length=9, elements={
0x00007fca24011800, 0x00007fca2413b000, 0x00007fca2413f800, 0x00007fca24152000,
0x00007fca24154000, 0x00007fca24156000, 0x00007fca24158000, 0x00007fca241d9000,
0x00007fca241e8800
}

Java Threads: ( => current thread )
  0x00007fca24011800 JavaThread "main" [_thread_blocked, id=7754, stack(0x00007fca280bf000,0x00007fca281c0000)]
  0x00007fca2413b000 JavaThread "Reference Handler" daemon [_thread_blocked, id=7762, stack(0x00007fca00683000,0x00007fca00784000)]
  0x00007fca2413f800 JavaThread "Finalizer" daemon [_thread_blocked, id=7763, stack(0x00007fca00582000,0x00007fca00683000)]
  0x00007fca24152000 JavaThread "Signal Dispatcher" daemon [_thread_blocked, id=7764, stack(0x00007fca0019c000,0x00007fca0029d000)]
  0x00007fca24154000 JavaThread "C2 CompilerThread0" daemon [_thread_blocked, id=7765, stack(0x00007fca0009b000,0x00007fca0019c000)]
  0x00007fca24156000 JavaThread "C1 CompilerThread0" daemon [_thread_blocked, id=7766, stack(0x00007fc9dbeff000,0x00007fc9dc000000)]
  0x00007fca24158000 JavaThread "Sweeper thread" daemon [_thread_blocked, id=7767, stack(0x00007fc9dbdfe000,0x00007fc9dbeff000)]
  0x00007fca241d9000 JavaThread "Service Thread" daemon [_thread_blocked, id=7769, stack(0x00007fc9dbcfd000,0x00007fc9dbdfe000)]
  0x00007fca241e8800 JavaThread "Common-Cleaner" daemon [_thread_blocked, id=7771, stack(0x00007fc9dbafa000,0x00007fc9dbbfb000)]

Other Threads:
=>0x00007fca24133000 VMThread "VM Thread" [stack: 0x00007fca00786000,0x00007fca00886000] [id=7761]
  0x00007fca241db800 WatcherThread [stack: 0x00007fc9dbbfd000,0x00007fc9dbcfd000] [id=7770]
  0x00007fca24027000 GCTaskThread "GC Thread#0" [stack: 0x00007fca0c681000,0x00007fca0c781000] [id=7755]
  0x00007fc9f0001000 GCTaskThread "GC Thread#1" [stack: 0x00007fc9db9fa000,0x00007fc9dbafa000] [id=7774]
  0x00007fc9f0022000 GCTaskThread "GC Thread#2" [stack: 0x00007fc9db8f8000,0x00007fc9db9f8000] [id=7775]
  0x00007fc9f0042800 GCTaskThread "GC Thread#3" [stack: 0x00007fc9db7f6000,0x00007fc9db8f6000] [id=7776]
  0x00007fca24057800 ConcurrentGCThread "G1 Main Marker" [stack: 0x00007fca0c17b000,0x00007fca0c27b000] [id=7756]
  0x00007fca24059800 ConcurrentGCThread "G1 Conc#0" [stack: 0x00007fca0c079000,0x00007fca0c179000] [id=7757]
  0x00007fca240d1800 ConcurrentGCThread "G1 Refine#0" [stack: 0x00007fca01266000,0x00007fca01366000] [id=7759]
  0x00007fca240d3800 ConcurrentGCThread "G1 Young RemSet Sampling" [stack: 0x00007fca01164000,0x00007fca01264000] [id=7760]

Threads with active compile tasks:

VM state:at safepoint (normal execution)

VM Mutex/Monitor currently owned by a thread:  ([mutex/lock_event])
[0x00007fca2400e600] Threads_lock - owner thread: 0x00007fca24133000
[0x00007fca2400ed50] Heap_lock - owner thread: 0x00007fca24011800

Heap address: 0x0000000085c00000, size: 1956 MB, Compressed Oops mode: 32-bit
Narrow klass base: 0x0000000000000000, Narrow klass shift: 3
Compressed class space size: 1073741824 Address: 0x0000000100000000

Heap:
 garbage-first heap   total 490496K, used 808K [0x0000000085c00000, 0x0000000100000000)
  region size 1024K, 1 young (1024K), 1 survivors (1024K)
 Metaspace       used 5977K, capacity 6091K, committed 6272K, reserved 1056768K
  class space    used 501K, capacity 540K, committed 640K, reserved 1048576K
Heap Regions: E=young(eden), S=young(survivor), O=old, HS=humongous(starts), HC=humongous(continues), CS=collection set, F=free, A=archive, TAMS=top-at-mark-start (previous, next)
|   0|0x0000000085c00000, 0x0000000085cc9800, 0x0000000085d00000| 78%| O|  |TAMS 0x0000000085c00000, 0x0000000085c00000| Untracked 
|   1|0x0000000085d00000, 0x0000000085d00000, 0x0000000085e00000|  0%| F|  |TAMS 0x0000000085d00000, 0x0000000085d00000| Untracked 
|   2|0x0000000085e00000, 0x0000000085e00000, 0x0000000085f00000|  0%| F|  |TAMS 0x0000000085e00000, 0x0000000085e00000| Untracked 
|   3|0x0000000085f00000, 0x0000000085f00000, 0x0000000086000000|  0%| F|  |TAMS 0x0000000085f00000, 0x0000000085f00000| Untracked 
|   4|0x0000000086000000, 0x0000000086000000, 0x0000000086100000|  0%| F|  |TAMS 0x0000000086000000, 0x0000000086000000| Untracked 
|   5|0x0000000086100000, 0x0000000086100000, 0x0000000086200000|  0%| F|  |TAMS 0x0000000086100000, 0x0000000086100000| Untracked 
|   6|0x0000000086200000, 0x0000000086200000, 0x0000000086300000|  0%| F|  |TAMS 0x0000000086200000, 0x0000000086200000| Untracked 
|   7|0x0000000086300000, 0x0000000086300000, 0x0000000086400000|  0%| F|  |TAMS 0x0000000086300000, 0x0000000086300000| Untracked 
|   8|0x0000000086400000, 0x0000000086400000, 0x0000000086500000|  0%| F|  |TAMS 0x0000000086400000, 0x0000000086400000| Untracked 
|   9|0x0000000086500000, 0x0000000086500000, 0x0000000086600000|  0%| F|  |TAMS 0x0000000086500000, 0x0000000086500000| Untracked 
|  10|0x0000000086600000, 0x0000000086600000, 0x0000000086700000|  0%| F|  |TAMS 0x0000000086600000, 0x0000000086600000| Untracked 
|  11|0x0000000086700000, 0x0000000086700000, 0x0000000086800000|  0%| F|  |TAMS 0x0000000086700000, 0x0000000086700000| Untracked 
|  12|0x0000000086800000, 0x0000000086800000, 0x0000000086900000|  0%| F|  |TAMS 0x0000000086800000, 0x0000000086800000| Untracked 
|  13|0x0000000086900000, 0x0000000086900000, 0x0000000086a00000|  0%| F|  |TAMS 0x0000000086900000, 0x0000000086900000| Untracked 
|  14|0x0000000086a00000, 0x0000000086a00000, 0x0000000086b00000|  0%| F|  |TAMS 0x0000000086a00000, 0x0000000086a00000| Untracked 
|  15|0x0000000086b00000, 0x0000000086b00000, 0x0000000086c00000|  0%| F|  |TAMS 0x0000000086b00000, 0x0000000086b00000| Untracked 
|  16|0x0000000086c00000, 0x0000000086c00000, 0x0000000086d00000|  0%| F|  |TAMS 0x0000000086c00000, 0x0000000086c00000| Untracked 
|  17|0x0000000086d00000, 0x0000000086d00000, 0x0000000086e00000|  0%| F|  |TAMS 0x0000000086d00000, 0x0000000086d00000| Untracked 
|  18|0x0000000086e00000, 0x0000000086e00000, 0x0000000086f00000|  0%| F|  |TAMS 0x0000000086e00000, 0x0000000086e00000| Untracked 
|  19|0x0000000086f00000, 0x0000000086f00000, 0x0000000087000000|  0%| F|  |TAMS 0x0000000086f00000, 0x0000000086f00000| Untracked 
|  20|0x0000000087000000, 0x0000000087000000, 0x0000000087100000|  0%| F|  |TAMS 0x0000000087000000, 0x0000000087000000| Untracked 
|  21|0x0000000087100000, 0x0000000087100000, 0x0000000087200000|  0%| F|  |TAMS 0x0000000087100000, 0x0000000087100000| Untracked 
|  22|0x0000000087200000, 0x0000000087200000, 0x0000000087300000|  0%| F|  |TAMS 0x0000000087200000, 0x0000000087200000| Untracked 
|  23|0x0000000087300000, 0x0000000087300000, 0x0000000087400000|  0%| F|  |TAMS 0x0000000087300000, 0x0000000087300000| Untracked 
|  24|0x0000000087400000, 0x0000000087400000, 0x0000000087500000|  0%| F|  |TAMS 0x0000000087400000, 0x0000000087400000| Untracked 
|  25|0x0000000087500000, 0x0000000087500000, 0x0000000087600000|  0%| F|  |TAMS 0x0000000087500000, 0x0000000087500000| Untracked 
|  26|0x0000000087600000, 0x0000000087600000, 0x0000000087700000|  0%| F|  |TAMS 0x0000000087600000, 0x0000000087600000| Untracked 
|  27|0x0000000087700000, 0x0000000087700000, 0x0000000087800000|  0%| F|  |TAMS 0x0000000087700000, 0x0000000087700000| Untracked 
|  28|0x0000000087800000, 0x0000000087800000, 0x0000000087900000|  0%| F|  |TAMS 0x0000000087800000, 0x0000000087800000| Untracked 
|  29|0x0000000087900000, 0x0000000087900000, 0x0000000087a00000|  0%| F|  |TAMS 0x0000000087900000, 0x0000000087900000| Untracked 
|  30|0x0000000087a00000, 0x0000000087a00000, 0x0000000087b00000|  0%| F|  |TAMS 0x0000000087a00000, 0x0000000087a00000| Untracked 
|  31|0x0000000087b00000, 0x0000000087b00000, 0x0000000087c00000|  0%| F|  |TAMS 0x0000000087b00000, 0x0000000087b00000| Untracked 
|  32|0x0000000087c00000, 0x0000000087c00000, 0x0000000087d00000|  0%| F|  |TAMS 0x0000000087c00000, 0x0000000087c00000| Untracked 
|  33|0x0000000087d00000, 0x0000000087d00000, 0x0000000087e00000|  0%| F|  |TAMS 0x0000000087d00000, 0x0000000087d00000| Untracked 
|  34|0x0000000087e00000, 0x0000000087e00000, 0x0000000087f00000|  0%| F|  |TAMS 0x0000000087e00000, 0x0000000087e00000| Untracked 
|  35|0x0000000087f00000, 0x0000000087f00000, 0x0000000088000000|  0%| F|  |TAMS 0x0000000087f00000, 0x0000000087f00000| Untracked 
|  36|0x0000000088000000, 0x0000000088000000, 0x0000000088100000|  0%| F|  |TAMS 0x0000000088000000, 0x0000000088000000| Untracked 
|  37|0x0000000088100000, 0x0000000088100000, 0x0000000088200000|  0%| F|  |TAMS 0x0000000088100000, 0x0000000088100000| Untracked 
|  38|0x0000000088200000, 0x0000000088200000, 0x0000000088300000|  0%| F|  |TAMS 0x0000000088200000, 0x0000000088200000| Untracked 
|  39|0x0000000088300000, 0x0000000088300000, 0x0000000088400000|  0%| F|  |TAMS 0x0000000088300000, 0x0000000088300000| Untracked 
|  40|0x0000000088400000, 0x0000000088400000, 0x0000000088500000|  0%| F|  |TAMS 0x0000000088400000, 0x0000000088400000| Untracked 
|  41|0x0000000088500000, 0x0000000088500000, 0x0000000088600000|  0%| F|  |TAMS 0x0000000088500000, 0x0000000088500000| Untracked 
|  42|0x0000000088600000, 0x0000000088600000, 0x0000000088700000|  0%| F|  |TAMS 0x0000000088600000, 0x0000000088600000| Untracked 
|  43|0x0000000088700000, 0x0000000088700000, 0x0000000088800000|  0%| F|  |TAMS 0x0000000088700000, 0x0000000088700000| Untracked 
|  44|0x0000000088800000, 0x0000000088800000, 0x0000000088900000|  0%| F|  |TAMS 0x0000000088800000, 0x0000000088800000| Untracked 
|  45|0x0000000088900000, 0x0000000088900000, 0x0000000088a00000|  0%| F|  |TAMS 0x0000000088900000, 0x0000000088900000| Untracked 
|  46|0x0000000088a00000, 0x0000000088a00000, 0x0000000088b00000|  0%| F|  |TAMS 0x0000000088a00000, 0x0000000088a00000| Untracked 
|  47|0x0000000088b00000, 0x0000000088b00000, 0x0000000088c00000|  0%| F|  |TAMS 0x0000000088b00000, 0x0000000088b00000| Untracked 
|  48|0x0000000088c00000, 0x0000000088c00000, 0x0000000088d00000|  0%| F|  |TAMS 0x0000000088c00000, 0x0000000088c00000| Untracked 
|  49|0x0000000088d00000, 0x0000000088d00000, 0x0000000088e00000|  0%| F|  |TAMS 0x0000000088d00000, 0x0000000088d00000| Untracked 
|  50|0x0000000088e00000, 0x0000000088e00000, 0x0000000088f00000|  0%| F|  |TAMS 0x0000000088e00000, 0x0000000088e00000| Untracked 
|  51|0x0000000088f00000, 0x0000000088f00000, 0x0000000089000000|  0%| F|  |TAMS 0x0000000088f00000, 0x0000000088f00000| Untracked 
|  52|0x0000000089000000, 0x0000000089000000, 0x0000000089100000|  0%| F|  |TAMS 0x0000000089000000, 0x0000000089000000| Untracked 
|  53|0x0000000089100000, 0x0000000089100000, 0x0000000089200000|  0%| F|  |TAMS 0x0000000089100000, 0x0000000089100000| Untracked 
|  54|0x0000000089200000, 0x0000000089200000, 0x0000000089300000|  0%| F|  |TAMS 0x0000000089200000, 0x0000000089200000| Untracked 
|  55|0x0000000089300000, 0x0000000089300000, 0x0000000089400000|  0%| F|  |TAMS 0x0000000089300000, 0x0000000089300000| Untracked 
|  56|0x0000000089400000, 0x0000000089400000, 0x0000000089500000|  0%| F|  |TAMS 0x0000000089400000, 0x0000000089400000| Untracked 
|  57|0x0000000089500000, 0x0000000089500000, 0x0000000089600000|  0%| F|  |TAMS 0x0000000089500000, 0x0000000089500000| Untracked 
|  58|0x0000000089600000, 0x0000000089600000, 0x0000000089700000|  0%| F|  |TAMS 0x0000000089600000, 0x0000000089600000| Untracked 
|  59|0x0000000089700000, 0x0000000089700000, 0x0000000089800000|  0%| F|  |TAMS 0x0000000089700000, 0x0000000089700000| Untracked 
|  60|0x0000000089800000, 0x0000000089800000, 0x0000000089900000|  0%| F|  |TAMS 0x0000000089800000, 0x0000000089800000| Untracked 
|  61|0x0000000089900000, 0x0000000089900000, 0x0000000089a00000|  0%| F|  |TAMS 0x0000000089900000, 0x0000000089900000| Untracked 
|  62|0x0000000089a00000, 0x0000000089a00000, 0x0000000089b00000|  0%| F|  |TAMS 0x0000000089a00000, 0x0000000089a00000| Untracked 
|  63|0x0000000089b00000, 0x0000000089b00000, 0x0000000089c00000|  0%| F|  |TAMS 0x0000000089b00000, 0x0000000089b00000| Untracked 
|  64|0x0000000089c00000, 0x0000000089c00000, 0x0000000089d00000|  0%| F|  |TAMS 0x0000000089c00000, 0x0000000089c00000| Untracked 
|  65|0x0000000089d00000, 0x0000000089d00000, 0x0000000089e00000|  0%| F|  |TAMS 0x0000000089d00000, 0x0000000089d00000| Untracked 
|  66|0x0000000089e00000, 0x0000000089e00000, 0x0000000089f00000|  0%| F|  |TAMS 0x0000000089e00000, 0x0000000089e00000| Untracked 
|  67|0x0000000089f00000, 0x0000000089f00000, 0x000000008a000000|  0%| F|  |TAMS 0x0000000089f00000, 0x0000000089f00000| Untracked 
|  68|0x000000008a000000, 0x000000008a000000, 0x000000008a100000|  0%| F|  |TAMS 0x000000008a000000, 0x000000008a000000| Untracked 
|  69|0x000000008a100000, 0x000000008a100000, 0x000000008a200000|  0%| F|  |TAMS 0x000000008a100000, 0x000000008a100000| Untracked 
|  70|0x000000008a200000, 0x000000008a200000, 0x000000008a300000|  0%| F|  |TAMS 0x000000008a200000, 0x000000008a200000| Untracked 
|  71|0x000000008a300000, 0x000000008a300000, 0x000000008a400000|  0%| F|  |TAMS 0x000000008a300000, 0x000000008a300000| Untracked 
|  72|0x000000008a400000, 0x000000008a400000, 0x000000008a500000|  0%| F|  |TAMS 0x000000008a400000, 0x000000008a400000| Untracked 
|  73|0x000000008a500000, 0x000000008a500000, 0x000000008a600000|  0%| F|  |TAMS 0x000000008a500000, 0x000000008a500000| Untracked 
|  74|0x000000008a600000, 0x000000008a600000, 0x000000008a700000|  0%| F|  |TAMS 0x000000008a600000, 0x000000008a600000| Untracked 
|  75|0x000000008a700000, 0x000000008a700000, 0x000000008a800000|  0%| F|  |TAMS 0x000000008a700000, 0x000000008a700000| Untracked 
|  76|0x000000008a800000, 0x000000008a800000, 0x000000008a900000|  0%| F|  |TAMS 0x000000008a800000, 0x000000008a800000| Untracked 
|  77|0x000000008a900000, 0x000000008a900000, 0x000000008aa00000|  0%| F|  |TAMS 0x000000008a900000, 0x000000008a900000| Untracked 
|  78|0x000000008aa00000, 0x000000008aa00000, 0x000000008ab00000|  0%| F|  |TAMS 0x000000008aa00000, 0x000000008aa00000| Untracked 
|  79|0x000000008ab00000, 0x000000008ab00000, 0x000000008ac00000|  0%| F|  |TAMS 0x000000008ab00000, 0x000000008ab00000| Untracked 
|  80|0x000000008ac00000, 0x000000008ac00000, 0x000000008ad00000|  0%| F|  |TAMS 0x000000008ac00000, 0x000000008ac00000| Untracked 
|  81|0x000000008ad00000, 0x000000008ad00000, 0x000000008ae00000|  0%| F|  |TAMS 0x000000008ad00000, 0x000000008ad00000| Untracked 
|  82|0x000000008ae00000, 0x000000008ae00000, 0x000000008af00000|  0%| F|  |TAMS 0x000000008ae00000, 0x000000008ae00000| Untracked 
|  83|0x000000008af00000, 0x000000008af00000, 0x000000008b000000|  0%| F|  |TAMS 0x000000008af00000, 0x000000008af00000| Untracked 
|  84|0x000000008b000000, 0x000000008b000000, 0x000000008b100000|  0%| F|  |TAMS 0x000000008b000000, 0x000000008b000000| Untracked 
|  85|0x000000008b100000, 0x000000008b100000, 0x000000008b200000|  0%| F|  |TAMS 0x000000008b100000, 0x000000008b100000| Untracked 
|  86|0x000000008b200000, 0x000000008b200000, 0x000000008b300000|  0%| F|  |TAMS 0x000000008b200000, 0x000000008b200000| Untracked 
|  87|0x000000008b300000, 0x000000008b300000, 0x000000008b400000|  0%| F|  |TAMS 0x000000008b300000, 0x000000008b300000| Untracked 
|  88|0x000000008b400000, 0x000000008b400000, 0x000000008b500000|  0%| F|  |TAMS 0x000000008b400000, 0x000000008b400000| Untracked 
|  89|0x000000008b500000, 0x000000008b500000, 0x000000008b600000|  0%| F|  |TAMS 0x000000008b500000, 0x000000008b500000| Untracked 
|  90|0x000000008b600000, 0x000000008b600000, 0x000000008b700000|  0%| F|  |TAMS 0x000000008b600000, 0x000000008b600000| Untracked 
|  91|0x000000008b700000, 0x000000008b700000, 0x000000008b800000|  0%| F|  |TAMS 0x000000008b700000, 0x000000008b700000| Untracked 
|  92|0x000000008b800000, 0x000000008b800000, 0x000000008b900000|  0%| F|  |TAMS 0x000000008b800000, 0x000000008b800000| Untracked 
|  93|0x000000008b900000, 0x000000008b900000, 0x000000008ba00000|  0%| F|  |TAMS 0x000000008b900000, 0x000000008b900000| Untracked 
|  94|0x000000008ba00000, 0x000000008ba00000, 0x000000008bb00000|  0%| F|  |TAMS 0x000000008ba00000, 0x000000008ba00000| Untracked 
|  95|0x000000008bb00000, 0x000000008bb00000, 0x000000008bc00000|  0%| F|  |TAMS 0x000000008bb00000, 0x000000008bb00000| Untracked 
|  96|0x000000008bc00000, 0x000000008bc00000, 0x000000008bd00000|  0%| F|  |TAMS 0x000000008bc00000, 0x000000008bc00000| Untracked 
|  97|0x000000008bd00000, 0x000000008bd00000, 0x000000008be00000|  0%| F|  |TAMS 0x000000008bd00000, 0x000000008bd00000| Untracked 
|  98|0x000000008be00000, 0x000000008be00000, 0x000000008bf00000|  0%| F|  |TAMS 0x000000008be00000, 0x000000008be00000| Untracked 
|  99|0x000000008bf00000, 0x000000008bf00000, 0x000000008c000000|  0%| F|  |TAMS 0x000000008bf00000, 0x000000008bf00000| Untracked 
| 100|0x000000008c000000, 0x000000008c000000, 0x000000008c100000|  0%| F|  |TAMS 0x000000008c000000, 0x000000008c000000| Untracked 
| 101|0x000000008c100000, 0x000000008c100000, 0x000000008c200000|  0%| F|  |TAMS 0x000000008c100000, 0x000000008c100000| Untracked 
| 102|0x000000008c200000, 0x000000008c200000, 0x000000008c300000|  0%| F|  |TAMS 0x000000008c200000, 0x000000008c200000| Untracked 
| 103|0x000000008c300000, 0x000000008c300000, 0x000000008c400000|  0%| F|  |TAMS 0x000000008c300000, 0x000000008c300000| Untracked 
| 104|0x000000008c400000, 0x000000008c400000, 0x000000008c500000|  0%| F|  |TAMS 0x000000008c400000, 0x000000008c400000| Untracked 
| 105|0x000000008c500000, 0x000000008c500000, 0x000000008c600000|  0%| F|  |TAMS 0x000000008c500000, 0x000000008c500000| Untracked 
| 106|0x000000008c600000, 0x000000008c600000, 0x000000008c700000|  0%| F|  |TAMS 0x000000008c600000, 0x000000008c600000| Untracked 
| 107|0x000000008c700000, 0x000000008c700000, 0x000000008c800000|  0%| F|  |TAMS 0x000000008c700000, 0x000000008c700000| Untracked 
| 108|0x000000008c800000, 0x000000008c800000, 0x000000008c900000|  0%| F|  |TAMS 0x000000008c800000, 0x000000008c800000| Untracked 
| 109|0x000000008c900000, 0x000000008c900000, 0x000000008ca00000|  0%| F|  |TAMS 0x000000008c900000, 0x000000008c900000| Untracked 
| 110|0x000000008ca00000, 0x000000008ca00000, 0x000000008cb00000|  0%| F|  |TAMS 0x000000008ca00000, 0x000000008ca00000| Untracked 
| 111|0x000000008cb00000, 0x000000008cb00000, 0x000000008cc00000|  0%| F|  |TAMS 0x000000008cb00000, 0x000000008cb00000| Untracked 
| 112|0x000000008cc00000, 0x000000008cc00000, 0x000000008cd00000|  0%| F|  |TAMS 0x000000008cc00000, 0x000000008cc00000| Untracked 
| 113|0x000000008cd00000, 0x000000008cd00000, 0x000000008ce00000|  0%| F|  |TAMS 0x000000008cd00000, 0x000000008cd00000| Untracked 
| 114|0x000000008ce00000, 0x000000008ce00000, 0x000000008cf00000|  0%| F|  |TAMS 0x000000008ce00000, 0x000000008ce00000| Untracked 
| 115|0x000000008cf00000, 0x000000008cf00000, 0x000000008d000000|  0%| F|  |TAMS 0x000000008cf00000, 0x000000008cf00000| Untracked 
| 116|0x000000008d000000, 0x000000008d000000, 0x000000008d100000|  0%| F|  |TAMS 0x000000008d000000, 0x000000008d000000| Untracked 
| 117|0x000000008d100000, 0x000000008d100000, 0x000000008d200000|  0%| F|  |TAMS 0x000000008d100000, 0x000000008d100000| Untracked 
| 118|0x000000008d200000, 0x000000008d200000, 0x000000008d300000|  0%| F|  |TAMS 0x000000008d200000, 0x000000008d200000| Untracked 
| 119|0x000000008d300000, 0x000000008d300000, 0x000000008d400000|  0%| F|  |TAMS 0x000000008d300000, 0x000000008d300000| Untracked 
| 120|0x000000008d400000, 0x000000008d400000, 0x000000008d500000|  0%| F|  |TAMS 0x000000008d400000, 0x000000008d400000| Untracked 
| 121|0x000000008d500000, 0x000000008d500000, 0x000000008d600000|  0%| F|  |TAMS 0x000000008d500000, 0x000000008d500000| Untracked 
| 122|0x000000008d600000, 0x000000008d600000, 0x000000008d700000|  0%| F|  |TAMS 0x000000008d600000, 0x000000008d600000| Untracked 
| 123|0x000000008d700000, 0x000000008d700000, 0x000000008d800000|  0%| F|  |TAMS 0x000000008d700000, 0x000000008d700000| Untracked 
| 124|0x000000008d800000, 0x000000008d800000, 0x000000008d900000|  0%| F|  |TAMS 0x000000008d800000, 0x000000008d800000| Untracked 
| 125|0x000000008d900000, 0x000000008d900000, 0x000000008da00000|  0%| F|  |TAMS 0x000000008d900000, 0x000000008d900000| Untracked 
| 126|0x000000008da00000, 0x000000008da00000, 0x000000008db00000|  0%| F|  |TAMS 0x000000008da00000, 0x000000008da00000| Untracked 
| 127|0x000000008db00000, 0x000000008db00000, 0x000000008dc00000|  0%| F|  |TAMS 0x000000008db00000, 0x000000008db00000| Untracked 
| 128|0x000000008dc00000, 0x000000008dc00000, 0x000000008dd00000|  0%| F|  |TAMS 0x000000008dc00000, 0x000000008dc00000| Untracked 
| 129|0x000000008dd00000, 0x000000008dd00000, 0x000000008de00000|  0%| F|  |TAMS 0x000000008dd00000, 0x000000008dd00000| Untracked 
| 130|0x000000008de00000, 0x000000008de00000, 0x000000008df00000|  0%| F|  |TAMS 0x000000008de00000, 0x000000008de00000| Untracked 
| 131|0x000000008df00000, 0x000000008df00000, 0x000000008e000000|  0%| F|  |TAMS 0x000000008df00000, 0x000000008df00000| Untracked 
| 132|0x000000008e000000, 0x000000008e000000, 0x000000008e100000|  0%| F|  |TAMS 0x000000008e000000, 0x000000008e000000| Untracked 
| 133|0x000000008e100000, 0x000000008e100000, 0x000000008e200000|  0%| F|  |TAMS 0x000000008e100000, 0x000000008e100000| Untracked 
| 134|0x000000008e200000, 0x000000008e200000, 0x000000008e300000|  0%| F|  |TAMS 0x000000008e200000, 0x000000008e200000| Untracked 
| 135|0x000000008e300000, 0x000000008e300000, 0x000000008e400000|  0%| F|  |TAMS 0x000000008e300000, 0x000000008e300000| Untracked 
| 136|0x000000008e400000, 0x000000008e400000, 0x000000008e500000|  0%| F|  |TAMS 0x000000008e400000, 0x000000008e400000| Untracked 
| 137|0x000000008e500000, 0x000000008e500000, 0x000000008e600000|  0%| F|  |TAMS 0x000000008e500000, 0x000000008e500000| Untracked 
| 138|0x000000008e600000, 0x000000008e600000, 0x000000008e700000|  0%| F|  |TAMS 0x000000008e600000, 0x000000008e600000| Untracked 
| 139|0x000000008e700000, 0x000000008e700000, 0x000000008e800000|  0%| F|  |TAMS 0x000000008e700000, 0x000000008e700000| Untracked 
| 140|0x000000008e800000, 0x000000008e800000, 0x000000008e900000|  0%| F|  |TAMS 0x000000008e800000, 0x000000008e800000| Untracked 
| 141|0x000000008e900000, 0x000000008e900000, 0x000000008ea00000|  0%| F|  |TAMS 0x000000008e900000, 0x000000008e900000| Untracked 
| 142|0x000000008ea00000, 0x000000008ea00000, 0x000000008eb00000|  0%| F|  |TAMS 0x000000008ea00000, 0x000000008ea00000| Untracked 
| 143|0x000000008eb00000, 0x000000008eb00000, 0x000000008ec00000|  0%| F|  |TAMS 0x000000008eb00000, 0x000000008eb00000| Untracked 
| 144|0x000000008ec00000, 0x000000008ec00000, 0x000000008ed00000|  0%| F|  |TAMS 0x000000008ec00000, 0x000000008ec00000| Untracked 
| 145|0x000000008ed00000, 0x000000008ed00000, 0x000000008ee00000|  0%| F|  |TAMS 0x000000008ed00000, 0x000000008ed00000| Untracked 
| 146|0x000000008ee00000, 0x000000008ee00000, 0x000000008ef00000|  0%| F|  |TAMS 0x000000008ee00000, 0x000000008ee00000| Untracked 
| 147|0x000000008ef00000, 0x000000008ef00000, 0x000000008f000000|  0%| F|  |TAMS 0x000000008ef00000, 0x000000008ef00000| Untracked 
| 148|0x000000008f000000, 0x000000008f000000, 0x000000008f100000|  0%| F|  |TAMS 0x000000008f000000, 0x000000008f000000| Untracked 
| 149|0x000000008f100000, 0x000000008f100810, 0x000000008f200000|  0%| S|CS|TAMS 0x000000008f100000, 0x000000008f100000| Complete 
| 150|0x000000008f200000, 0x000000008f200000, 0x000000008f300000|  0%| F|  |TAMS 0x000000008f200000, 0x000000008f200000| Untracked 
| 151|0x000000008f300000, 0x000000008f300000, 0x000000008f400000|  0%| F|  |TAMS 0x000000008f300000, 0x000000008f300000| Untracked 
| 152|0x000000008f400000, 0x000000008f400000, 0x000000008f500000|  0%| F|  |TAMS 0x000000008f400000, 0x000000008f400000| Untracked 
| 153|0x000000008f500000, 0x000000008f500000, 0x000000008f600000|  0%| F|  |TAMS 0x000000008f500000, 0x000000008f500000| Untracked 
| 154|0x000000008f600000, 0x000000008f600000, 0x000000008f700000|  0%| F|  |TAMS 0x000000008f600000, 0x000000008f600000| Untracked 
| 155|0x000000008f700000, 0x000000008f700000, 0x000000008f800000|  0%| F|  |TAMS 0x000000008f700000, 0x000000008f700000| Untracked 
| 156|0x000000008f800000, 0x000000008f800000, 0x000000008f900000|  0%| F|  |TAMS 0x000000008f800000, 0x000000008f800000| Untracked 
| 157|0x000000008f900000, 0x000000008f900000, 0x000000008fa00000|  0%| F|  |TAMS 0x000000008f900000, 0x000000008f900000| Untracked 
| 158|0x000000008fa00000, 0x000000008fa00000, 0x000000008fb00000|  0%| F|  |TAMS 0x000000008fa00000, 0x000000008fa00000| Untracked 
| 159|0x000000008fb00000, 0x000000008fb00000, 0x000000008fc00000|  0%| F|  |TAMS 0x000000008fb00000, 0x000000008fb00000| Untracked 
| 160|0x000000008fc00000, 0x000000008fc00000, 0x000000008fd00000|  0%| F|  |TAMS 0x000000008fc00000, 0x000000008fc00000| Untracked 
| 161|0x000000008fd00000, 0x000000008fd00000, 0x000000008fe00000|  0%| F|  |TAMS 0x000000008fd00000, 0x000000008fd00000| Untracked 
| 162|0x000000008fe00000, 0x000000008fe00000, 0x000000008ff00000|  0%| F|  |TAMS 0x000000008fe00000, 0x000000008fe00000| Untracked 
| 163|0x000000008ff00000, 0x000000008ff00000, 0x0000000090000000|  0%| F|  |TAMS 0x000000008ff00000, 0x000000008ff00000| Untracked 
| 164|0x0000000090000000, 0x0000000090000000, 0x0000000090100000|  0%| F|  |TAMS 0x0000000090000000, 0x0000000090000000| Untracked 
| 165|0x0000000090100000, 0x0000000090100000, 0x0000000090200000|  0%| F|  |TAMS 0x0000000090100000, 0x0000000090100000| Untracked 
| 166|0x0000000090200000, 0x0000000090200000, 0x0000000090300000|  0%| F|  |TAMS 0x0000000090200000, 0x0000000090200000| Untracked 
| 167|0x0000000090300000, 0x0000000090300000, 0x0000000090400000|  0%| F|  |TAMS 0x0000000090300000, 0x0000000090300000| Untracked 
| 168|0x0000000090400000, 0x0000000090400000, 0x0000000090500000|  0%| F|  |TAMS 0x0000000090400000, 0x0000000090400000| Untracked 
| 169|0x0000000090500000, 0x0000000090500000, 0x0000000090600000|  0%| F|  |TAMS 0x0000000090500000, 0x0000000090500000| Untracked 
| 170|0x0000000090600000, 0x0000000090600000, 0x0000000090700000|  0%| F|  |TAMS 0x0000000090600000, 0x0000000090600000| Untracked 
| 171|0x0000000090700000, 0x0000000090700000, 0x0000000090800000|  0%| F|  |TAMS 0x0000000090700000, 0x0000000090700000| Untracked 
| 172|0x0000000090800000, 0x0000000090800000, 0x0000000090900000|  0%| F|  |TAMS 0x0000000090800000, 0x0000000090800000| Untracked 
| 173|0x0000000090900000, 0x0000000090900000, 0x0000000090a00000|  0%| F|  |TAMS 0x0000000090900000, 0x0000000090900000| Untracked 
| 174|0x0000000090a00000, 0x0000000090a00000, 0x0000000090b00000|  0%| F|  |TAMS 0x0000000090a00000, 0x0000000090a00000| Untracked 
| 175|0x0000000090b00000, 0x0000000090b00000, 0x0000000090c00000|  0%| F|  |TAMS 0x0000000090b00000, 0x0000000090b00000| Untracked 
| 176|0x0000000090c00000, 0x0000000090c00000, 0x0000000090d00000|  0%| F|  |TAMS 0x0000000090c00000, 0x0000000090c00000| Untracked 
| 177|0x0000000090d00000, 0x0000000090d00000, 0x0000000090e00000|  0%| F|  |TAMS 0x0000000090d00000, 0x0000000090d00000| Untracked 
| 178|0x0000000090e00000, 0x0000000090e00000, 0x0000000090f00000|  0%| F|  |TAMS 0x0000000090e00000, 0x0000000090e00000| Untracked 
| 179|0x0000000090f00000, 0x0000000090f00000, 0x0000000091000000|  0%| F|  |TAMS 0x0000000090f00000, 0x0000000090f00000| Untracked 
| 180|0x0000000091000000, 0x0000000091000000, 0x0000000091100000|  0%| F|  |TAMS 0x0000000091000000, 0x0000000091000000| Untracked 
| 181|0x0000000091100000, 0x0000000091100000, 0x0000000091200000|  0%| F|  |TAMS 0x0000000091100000, 0x0000000091100000| Untracked 
| 182|0x0000000091200000, 0x0000000091200000, 0x0000000091300000|  0%| F|  |TAMS 0x0000000091200000, 0x0000000091200000| Untracked 
| 183|0x0000000091300000, 0x0000000091300000, 0x0000000091400000|  0%| F|  |TAMS 0x0000000091300000, 0x0000000091300000| Untracked 
| 184|0x0000000091400000, 0x0000000091400000, 0x0000000091500000|  0%| F|  |TAMS 0x0000000091400000, 0x0000000091400000| Untracked 
| 185|0x0000000091500000, 0x0000000091500000, 0x0000000091600000|  0%| F|  |TAMS 0x0000000091500000, 0x0000000091500000| Untracked 
| 186|0x0000000091600000, 0x0000000091600000, 0x0000000091700000|  0%| F|  |TAMS 0x0000000091600000, 0x0000000091600000| Untracked 
| 187|0x0000000091700000, 0x0000000091700000, 0x0000000091800000|  0%| F|  |TAMS 0x0000000091700000, 0x0000000091700000| Untracked 
| 188|0x0000000091800000, 0x0000000091800000, 0x0000000091900000|  0%| F|  |TAMS 0x0000000091800000, 0x0000000091800000| Untracked 
| 189|0x0000000091900000, 0x0000000091900000, 0x0000000091a00000|  0%| F|  |TAMS 0x0000000091900000, 0x0000000091900000| Untracked 
| 190|0x0000000091a00000, 0x0000000091a00000, 0x0000000091b00000|  0%| F|  |TAMS 0x0000000091a00000, 0x0000000091a00000| Untracked 
| 191|0x0000000091b00000, 0x0000000091b00000, 0x0000000091c00000|  0%| F|  |TAMS 0x0000000091b00000, 0x0000000091b00000| Untracked 
| 192|0x0000000091c00000, 0x0000000091c00000, 0x0000000091d00000|  0%| F|  |TAMS 0x0000000091c00000, 0x0000000091c00000| Untracked 
| 193|0x0000000091d00000, 0x0000000091d00000, 0x0000000091e00000|  0%| F|  |TAMS 0x0000000091d00000, 0x0000000091d00000| Untracked 
| 194|0x0000000091e00000, 0x0000000091e00000, 0x0000000091f00000|  0%| F|  |TAMS 0x0000000091e00000, 0x0000000091e00000| Untracked 
| 195|0x0000000091f00000, 0x0000000091f00000, 0x0000000092000000|  0%| F|  |TAMS 0x0000000091f00000, 0x0000000091f00000| Untracked 
| 196|0x0000000092000000, 0x0000000092000000, 0x0000000092100000|  0%| F|  |TAMS 0x0000000092000000, 0x0000000092000000| Untracked 
| 197|0x0000000092100000, 0x0000000092100000, 0x0000000092200000|  0%| F|  |TAMS 0x0000000092100000, 0x0000000092100000| Untracked 
| 198|0x0000000092200000, 0x0000000092200000, 0x0000000092300000|  0%| F|  |TAMS 0x0000000092200000, 0x0000000092200000| Untracked 
| 199|0x0000000092300000, 0x0000000092300000, 0x0000000092400000|  0%| F|  |TAMS 0x0000000092300000, 0x0000000092300000| Untracked 
| 200|0x0000000092400000, 0x0000000092400000, 0x0000000092500000|  0%| F|  |TAMS 0x0000000092400000, 0x0000000092400000| Untracked 
| 201|0x0000000092500000, 0x0000000092500000, 0x0000000092600000|  0%| F|  |TAMS 0x0000000092500000, 0x0000000092500000| Untracked 
| 202|0x0000000092600000, 0x0000000092600000, 0x0000000092700000|  0%| F|  |TAMS 0x0000000092600000, 0x0000000092600000| Untracked 
| 203|0x0000000092700000, 0x0000000092700000, 0x0000000092800000|  0%| F|  |TAMS 0x0000000092700000, 0x0000000092700000| Untracked 
| 204|0x0000000092800000, 0x0000000092800000, 0x0000000092900000|  0%| F|  |TAMS 0x0000000092800000, 0x0000000092800000| Untracked 
| 205|0x0000000092900000, 0x0000000092900000, 0x0000000092a00000|  0%| F|  |TAMS 0x0000000092900000, 0x0000000092900000| Untracked 
| 206|0x0000000092a00000, 0x0000000092a00000, 0x0000000092b00000|  0%| F|  |TAMS 0x0000000092a00000, 0x0000000092a00000| Untracked 
| 207|0x0000000092b00000, 0x0000000092b00000, 0x0000000092c00000|  0%| F|  |TAMS 0x0000000092b00000, 0x0000000092b00000| Untracked 
| 208|0x0000000092c00000, 0x0000000092c00000, 0x0000000092d00000|  0%| F|  |TAMS 0x0000000092c00000, 0x0000000092c00000| Untracked 
| 209|0x0000000092d00000, 0x0000000092d00000, 0x0000000092e00000|  0%| F|  |TAMS 0x0000000092d00000, 0x0000000092d00000| Untracked 
| 210|0x0000000092e00000, 0x0000000092e00000, 0x0000000092f00000|  0%| F|  |TAMS 0x0000000092e00000, 0x0000000092e00000| Untracked 
| 211|0x0000000092f00000, 0x0000000092f00000, 0x0000000093000000|  0%| F|  |TAMS 0x0000000092f00000, 0x0000000092f00000| Untracked 
| 212|0x0000000093000000, 0x0000000093000000, 0x0000000093100000|  0%| F|  |TAMS 0x0000000093000000, 0x0000000093000000| Untracked 
| 213|0x0000000093100000, 0x0000000093100000, 0x0000000093200000|  0%| F|  |TAMS 0x0000000093100000, 0x0000000093100000| Untracked 
| 214|0x0000000093200000, 0x0000000093200000, 0x0000000093300000|  0%| F|  |TAMS 0x0000000093200000, 0x0000000093200000| Untracked 
| 215|0x0000000093300000, 0x0000000093300000, 0x0000000093400000|  0%| F|  |TAMS 0x0000000093300000, 0x0000000093300000| Untracked 
| 216|0x0000000093400000, 0x0000000093400000, 0x0000000093500000|  0%| F|  |TAMS 0x0000000093400000, 0x0000000093400000| Untracked 
| 217|0x0000000093500000, 0x0000000093500000, 0x0000000093600000|  0%| F|  |TAMS 0x0000000093500000, 0x0000000093500000| Untracked 
| 218|0x0000000093600000, 0x0000000093600000, 0x0000000093700000|  0%| F|  |TAMS 0x0000000093600000, 0x0000000093600000| Untracked 
| 219|0x0000000093700000, 0x0000000093700000, 0x0000000093800000|  0%| F|  |TAMS 0x0000000093700000, 0x0000000093700000| Untracked 
| 220|0x0000000093800000, 0x0000000093800000, 0x0000000093900000|  0%| F|  |TAMS 0x0000000093800000, 0x0000000093800000| Untracked 
| 221|0x0000000093900000, 0x0000000093900000, 0x0000000093a00000|  0%| F|  |TAMS 0x0000000093900000, 0x0000000093900000| Untracked 
| 222|0x0000000093a00000, 0x0000000093a00000, 0x0000000093b00000|  0%| F|  |TAMS 0x0000000093a00000, 0x0000000093a00000| Untracked 
| 223|0x0000000093b00000, 0x0000000093b00000, 0x0000000093c00000|  0%| F|  |TAMS 0x0000000093b00000, 0x0000000093b00000| Untracked 
| 224|0x0000000093c00000, 0x0000000093c00000, 0x0000000093d00000|  0%| F|  |TAMS 0x0000000093c00000, 0x0000000093c00000| Untracked 
| 225|0x0000000093d00000, 0x0000000093d00000, 0x0000000093e00000|  0%| F|  |TAMS 0x0000000093d00000, 0x0000000093d00000| Untracked 
| 226|0x0000000093e00000, 0x0000000093e00000, 0x0000000093f00000|  0%| F|  |TAMS 0x0000000093e00000, 0x0000000093e00000| Untracked 
| 227|0x0000000093f00000, 0x0000000093f00000, 0x0000000094000000|  0%| F|  |TAMS 0x0000000093f00000, 0x0000000093f00000| Untracked 
| 228|0x0000000094000000, 0x0000000094000000, 0x0000000094100000|  0%| F|  |TAMS 0x0000000094000000, 0x0000000094000000| Untracked 
| 229|0x0000000094100000, 0x0000000094100000, 0x0000000094200000|  0%| F|  |TAMS 0x0000000094100000, 0x0000000094100000| Untracked 
| 230|0x0000000094200000, 0x0000000094200000, 0x0000000094300000|  0%| F|  |TAMS 0x0000000094200000, 0x0000000094200000| Untracked 
| 231|0x0000000094300000, 0x0000000094300000, 0x0000000094400000|  0%| F|  |TAMS 0x0000000094300000, 0x0000000094300000| Untracked 
| 232|0x0000000094400000, 0x0000000094400000, 0x0000000094500000|  0%| F|  |TAMS 0x0000000094400000, 0x0000000094400000| Untracked 
| 233|0x0000000094500000, 0x0000000094500000, 0x0000000094600000|  0%| F|  |TAMS 0x0000000094500000, 0x0000000094500000| Untracked 
| 234|0x0000000094600000, 0x0000000094600000, 0x0000000094700000|  0%| F|  |TAMS 0x0000000094600000, 0x0000000094600000| Untracked 
| 235|0x0000000094700000, 0x0000000094700000, 0x0000000094800000|  0%| F|  |TAMS 0x0000000094700000, 0x0000000094700000| Untracked 
| 236|0x0000000094800000, 0x0000000094800000, 0x0000000094900000|  0%| F|  |TAMS 0x0000000094800000, 0x0000000094800000| Untracked 
| 237|0x0000000094900000, 0x0000000094900000, 0x0000000094a00000|  0%| F|  |TAMS 0x0000000094900000, 0x0000000094900000| Untracked 
| 238|0x0000000094a00000, 0x0000000094a00000, 0x0000000094b00000|  0%| F|  |TAMS 0x0000000094a00000, 0x0000000094a00000| Untracked 
| 239|0x0000000094b00000, 0x0000000094b00000, 0x0000000094c00000|  0%| F|  |TAMS 0x0000000094b00000, 0x0000000094b00000| Untracked 
| 240|0x0000000094c00000, 0x0000000094c00000, 0x0000000094d00000|  0%| F|  |TAMS 0x0000000094c00000, 0x0000000094c00000| Untracked 
| 241|0x0000000094d00000, 0x0000000094d00000, 0x0000000094e00000|  0%| F|  |TAMS 0x0000000094d00000, 0x0000000094d00000| Untracked 
| 242|0x0000000094e00000, 0x0000000094e00000, 0x0000000094f00000|  0%| F|  |TAMS 0x0000000094e00000, 0x0000000094e00000| Untracked 
| 243|0x0000000094f00000, 0x0000000094f00000, 0x0000000095000000|  0%| F|  |TAMS 0x0000000094f00000, 0x0000000094f00000| Untracked 
| 244|0x0000000095000000, 0x0000000095000000, 0x0000000095100000|  0%| F|  |TAMS 0x0000000095000000, 0x0000000095000000| Untracked 
| 245|0x0000000095100000, 0x0000000095100000, 0x0000000095200000|  0%| F|  |TAMS 0x0000000095100000, 0x0000000095100000| Untracked 
| 246|0x0000000095200000, 0x0000000095200000, 0x0000000095300000|  0%| F|  |TAMS 0x0000000095200000, 0x0000000095200000| Untracked 
| 247|0x0000000095300000, 0x0000000095300000, 0x0000000095400000|  0%| F|  |TAMS 0x0000000095300000, 0x0000000095300000| Untracked 
| 248|0x0000000095400000, 0x0000000095400000, 0x0000000095500000|  0%| F|  |TAMS 0x0000000095400000, 0x0000000095400000| Untracked 
| 249|0x0000000095500000, 0x0000000095500000, 0x0000000095600000|  0%| F|  |TAMS 0x0000000095500000, 0x0000000095500000| Untracked 
| 250|0x0000000095600000, 0x0000000095600000, 0x0000000095700000|  0%| F|  |TAMS 0x0000000095600000, 0x0000000095600000| Untracked 
| 251|0x0000000095700000, 0x0000000095700000, 0x0000000095800000|  0%| F|  |TAMS 0x0000000095700000, 0x0000000095700000| Untracked 
| 252|0x0000000095800000, 0x0000000095800000, 0x0000000095900000|  0%| F|  |TAMS 0x0000000095800000, 0x0000000095800000| Untracked 
| 253|0x0000000095900000, 0x0000000095900000, 0x0000000095a00000|  0%| F|  |TAMS 0x0000000095900000, 0x0000000095900000| Untracked 
| 254|0x0000000095a00000, 0x0000000095a00000, 0x0000000095b00000|  0%| F|  |TAMS 0x0000000095a00000, 0x0000000095a00000| Untracked 
| 255|0x0000000095b00000, 0x0000000095b00000, 0x0000000095c00000|  0%| F|  |TAMS 0x0000000095b00000, 0x0000000095b00000| Untracked 
| 256|0x0000000095c00000, 0x0000000095c00000, 0x0000000095d00000|  0%| F|  |TAMS 0x0000000095c00000, 0x0000000095c00000| Untracked 
| 257|0x0000000095d00000, 0x0000000095d00000, 0x0000000095e00000|  0%| F|  |TAMS 0x0000000095d00000, 0x0000000095d00000| Untracked 
| 258|0x0000000095e00000, 0x0000000095e00000, 0x0000000095f00000|  0%| F|  |TAMS 0x0000000095e00000, 0x0000000095e00000| Untracked 
| 259|0x0000000095f00000, 0x0000000095f00000, 0x0000000096000000|  0%| F|  |TAMS 0x0000000095f00000, 0x0000000095f00000| Untracked 
| 260|0x0000000096000000, 0x0000000096000000, 0x0000000096100000|  0%| F|  |TAMS 0x0000000096000000, 0x0000000096000000| Untracked 
| 261|0x0000000096100000, 0x0000000096100000, 0x0000000096200000|  0%| F|  |TAMS 0x0000000096100000, 0x0000000096100000| Untracked 
| 262|0x0000000096200000, 0x0000000096200000, 0x0000000096300000|  0%| F|  |TAMS 0x0000000096200000, 0x0000000096200000| Untracked 
| 263|0x0000000096300000, 0x0000000096300000, 0x0000000096400000|  0%| F|  |TAMS 0x0000000096300000, 0x0000000096300000| Untracked 
| 264|0x0000000096400000, 0x0000000096400000, 0x0000000096500000|  0%| F|  |TAMS 0x0000000096400000, 0x0000000096400000| Untracked 
| 265|0x0000000096500000, 0x0000000096500000, 0x0000000096600000|  0%| F|  |TAMS 0x0000000096500000, 0x0000000096500000| Untracked 
| 266|0x0000000096600000, 0x0000000096600000, 0x0000000096700000|  0%| F|  |TAMS 0x0000000096600000, 0x0000000096600000| Untracked 
| 267|0x0000000096700000, 0x0000000096700000, 0x0000000096800000|  0%| F|  |TAMS 0x0000000096700000, 0x0000000096700000| Untracked 
| 268|0x0000000096800000, 0x0000000096800000, 0x0000000096900000|  0%| F|  |TAMS 0x0000000096800000, 0x0000000096800000| Untracked 
| 269|0x0000000096900000, 0x0000000096900000, 0x0000000096a00000|  0%| F|  |TAMS 0x0000000096900000, 0x0000000096900000| Untracked 
| 270|0x0000000096a00000, 0x0000000096a00000, 0x0000000096b00000|  0%| F|  |TAMS 0x0000000096a00000, 0x0000000096a00000| Untracked 
| 271|0x0000000096b00000, 0x0000000096b00000, 0x0000000096c00000|  0%| F|  |TAMS 0x0000000096b00000, 0x0000000096b00000| Untracked 
| 272|0x0000000096c00000, 0x0000000096c00000, 0x0000000096d00000|  0%| F|  |TAMS 0x0000000096c00000, 0x0000000096c00000| Untracked 
| 273|0x0000000096d00000, 0x0000000096d00000, 0x0000000096e00000|  0%| F|  |TAMS 0x0000000096d00000, 0x0000000096d00000| Untracked 
| 274|0x0000000096e00000, 0x0000000096e00000, 0x0000000096f00000|  0%| F|  |TAMS 0x0000000096e00000, 0x0000000096e00000| Untracked 
| 275|0x0000000096f00000, 0x0000000096f00000, 0x0000000097000000|  0%| F|  |TAMS 0x0000000096f00000, 0x0000000096f00000| Untracked 
| 276|0x0000000097000000, 0x0000000097000000, 0x0000000097100000|  0%| F|  |TAMS 0x0000000097000000, 0x0000000097000000| Untracked 
| 277|0x0000000097100000, 0x0000000097100000, 0x0000000097200000|  0%| F|  |TAMS 0x0000000097100000, 0x0000000097100000| Untracked 
| 278|0x0000000097200000, 0x0000000097200000, 0x0000000097300000|  0%| F|  |TAMS 0x0000000097200000, 0x0000000097200000| Untracked 
| 279|0x0000000097300000, 0x0000000097300000, 0x0000000097400000|  0%| F|  |TAMS 0x0000000097300000, 0x0000000097300000| Untracked 
| 280|0x0000000097400000, 0x0000000097400000, 0x0000000097500000|  0%| F|  |TAMS 0x0000000097400000, 0x0000000097400000| Untracked 
| 281|0x0000000097500000, 0x0000000097500000, 0x0000000097600000|  0%| F|  |TAMS 0x0000000097500000, 0x0000000097500000| Untracked 
| 282|0x0000000097600000, 0x0000000097600000, 0x0000000097700000|  0%| F|  |TAMS 0x0000000097600000, 0x0000000097600000| Untracked 
| 283|0x0000000097700000, 0x0000000097700000, 0x0000000097800000|  0%| F|  |TAMS 0x0000000097700000, 0x0000000097700000| Untracked 
| 284|0x0000000097800000, 0x0000000097800000, 0x0000000097900000|  0%| F|  |TAMS 0x0000000097800000, 0x0000000097800000| Untracked 
| 285|0x0000000097900000, 0x0000000097900000, 0x0000000097a00000|  0%| F|  |TAMS 0x0000000097900000, 0x0000000097900000| Untracked 
| 286|0x0000000097a00000, 0x0000000097a00000, 0x0000000097b00000|  0%| F|  |TAMS 0x0000000097a00000, 0x0000000097a00000| Untracked 
| 287|0x0000000097b00000, 0x0000000097b00000, 0x0000000097c00000|  0%| F|  |TAMS 0x0000000097b00000, 0x0000000097b00000| Untracked 
| 288|0x0000000097c00000, 0x0000000097c00000, 0x0000000097d00000|  0%| F|  |TAMS 0x0000000097c00000, 0x0000000097c00000| Untracked 
| 289|0x0000000097d00000, 0x0000000097d00000, 0x0000000097e00000|  0%| F|  |TAMS 0x0000000097d00000, 0x0000000097d00000| Untracked 
| 290|0x0000000097e00000, 0x0000000097e00000, 0x0000000097f00000|  0%| F|  |TAMS 0x0000000097e00000, 0x0000000097e00000| Untracked 
| 291|0x0000000097f00000, 0x0000000097f00000, 0x0000000098000000|  0%| F|  |TAMS 0x0000000097f00000, 0x0000000097f00000| Untracked 
| 292|0x0000000098000000, 0x0000000098000000, 0x0000000098100000|  0%| F|  |TAMS 0x0000000098000000, 0x0000000098000000| Untracked 
| 293|0x0000000098100000, 0x0000000098100000, 0x0000000098200000|  0%| F|  |TAMS 0x0000000098100000, 0x0000000098100000| Untracked 
| 294|0x0000000098200000, 0x0000000098200000, 0x0000000098300000|  0%| F|  |TAMS 0x0000000098200000, 0x0000000098200000| Untracked 
| 295|0x0000000098300000, 0x0000000098300000, 0x0000000098400000|  0%| F|  |TAMS 0x0000000098300000, 0x0000000098300000| Untracked 
| 296|0x0000000098400000, 0x0000000098400000, 0x0000000098500000|  0%| F|  |TAMS 0x0000000098400000, 0x0000000098400000| Untracked 
| 297|0x0000000098500000, 0x0000000098500000, 0x0000000098600000|  0%| F|  |TAMS 0x0000000098500000, 0x0000000098500000| Untracked 
| 298|0x0000000098600000, 0x0000000098600000, 0x0000000098700000|  0%| F|  |TAMS 0x0000000098600000, 0x0000000098600000| Untracked 
| 299|0x0000000098700000, 0x0000000098700000, 0x0000000098800000|  0%| F|  |TAMS 0x0000000098700000, 0x0000000098700000| Untracked 
| 300|0x0000000098800000, 0x0000000098800000, 0x0000000098900000|  0%| F|  |TAMS 0x0000000098800000, 0x0000000098800000| Untracked 
| 301|0x0000000098900000, 0x0000000098900000, 0x0000000098a00000|  0%| F|  |TAMS 0x0000000098900000, 0x0000000098900000| Untracked 
| 302|0x0000000098a00000, 0x0000000098a00000, 0x0000000098b00000|  0%| F|  |TAMS 0x0000000098a00000, 0x0000000098a00000| Untracked 
| 303|0x0000000098b00000, 0x0000000098b00000, 0x0000000098c00000|  0%| F|  |TAMS 0x0000000098b00000, 0x0000000098b00000| Untracked 
| 304|0x0000000098c00000, 0x0000000098c00000, 0x0000000098d00000|  0%| F|  |TAMS 0x0000000098c00000, 0x0000000098c00000| Untracked 
| 305|0x0000000098d00000, 0x0000000098d00000, 0x0000000098e00000|  0%| F|  |TAMS 0x0000000098d00000, 0x0000000098d00000| Untracked 
| 306|0x0000000098e00000, 0x0000000098e00000, 0x0000000098f00000|  0%| F|  |TAMS 0x0000000098e00000, 0x0000000098e00000| Untracked 
| 307|0x0000000098f00000, 0x0000000098f00000, 0x0000000099000000|  0%| F|  |TAMS 0x0000000098f00000, 0x0000000098f00000| Untracked 
| 308|0x0000000099000000, 0x0000000099000000, 0x0000000099100000|  0%| F|  |TAMS 0x0000000099000000, 0x0000000099000000| Untracked 
| 309|0x0000000099100000, 0x0000000099100000, 0x0000000099200000|  0%| F|  |TAMS 0x0000000099100000, 0x0000000099100000| Untracked 
| 310|0x0000000099200000, 0x0000000099200000, 0x0000000099300000|  0%| F|  |TAMS 0x0000000099200000, 0x0000000099200000| Untracked 
| 311|0x0000000099300000, 0x0000000099300000, 0x0000000099400000|  0%| F|  |TAMS 0x0000000099300000, 0x0000000099300000| Untracked 
| 312|0x0000000099400000, 0x0000000099400000, 0x0000000099500000|  0%| F|  |TAMS 0x0000000099400000, 0x0000000099400000| Untracked 
| 313|0x0000000099500000, 0x0000000099500000, 0x0000000099600000|  0%| F|  |TAMS 0x0000000099500000, 0x0000000099500000| Untracked 
| 314|0x0000000099600000, 0x0000000099600000, 0x0000000099700000|  0%| F|  |TAMS 0x0000000099600000, 0x0000000099600000| Untracked 
| 315|0x0000000099700000, 0x0000000099700000, 0x0000000099800000|  0%| F|  |TAMS 0x0000000099700000, 0x0000000099700000| Untracked 
| 316|0x0000000099800000, 0x0000000099800000, 0x0000000099900000|  0%| F|  |TAMS 0x0000000099800000, 0x0000000099800000| Untracked 
| 317|0x0000000099900000, 0x0000000099900000, 0x0000000099a00000|  0%| F|  |TAMS 0x0000000099900000, 0x0000000099900000| Untracked 
| 318|0x0000000099a00000, 0x0000000099a00000, 0x0000000099b00000|  0%| F|  |TAMS 0x0000000099a00000, 0x0000000099a00000| Untracked 
| 319|0x0000000099b00000, 0x0000000099b00000, 0x0000000099c00000|  0%| F|  |TAMS 0x0000000099b00000, 0x0000000099b00000| Untracked 
| 320|0x0000000099c00000, 0x0000000099c00000, 0x0000000099d00000|  0%| F|  |TAMS 0x0000000099c00000, 0x0000000099c00000| Untracked 
| 321|0x0000000099d00000, 0x0000000099d00000, 0x0000000099e00000|  0%| F|  |TAMS 0x0000000099d00000, 0x0000000099d00000| Untracked 
| 322|0x0000000099e00000, 0x0000000099e00000, 0x0000000099f00000|  0%| F|  |TAMS 0x0000000099e00000, 0x0000000099e00000| Untracked 
| 323|0x0000000099f00000, 0x0000000099f00000, 0x000000009a000000|  0%| F|  |TAMS 0x0000000099f00000, 0x0000000099f00000| Untracked 
| 324|0x000000009a000000, 0x000000009a000000, 0x000000009a100000|  0%| F|  |TAMS 0x000000009a000000, 0x000000009a000000| Untracked 
| 325|0x000000009a100000, 0x000000009a100000, 0x000000009a200000|  0%| F|  |TAMS 0x000000009a100000, 0x000000009a100000| Untracked 
| 326|0x000000009a200000, 0x000000009a200000, 0x000000009a300000|  0%| F|  |TAMS 0x000000009a200000, 0x000000009a200000| Untracked 
| 327|0x000000009a300000, 0x000000009a300000, 0x000000009a400000|  0%| F|  |TAMS 0x000000009a300000, 0x000000009a300000| Untracked 
| 328|0x000000009a400000, 0x000000009a400000, 0x000000009a500000|  0%| F|  |TAMS 0x000000009a400000, 0x000000009a400000| Untracked 
| 329|0x000000009a500000, 0x000000009a500000, 0x000000009a600000|  0%| F|  |TAMS 0x000000009a500000, 0x000000009a500000| Untracked 
| 330|0x000000009a600000, 0x000000009a600000, 0x000000009a700000|  0%| F|  |TAMS 0x000000009a600000, 0x000000009a600000| Untracked 
| 331|0x000000009a700000, 0x000000009a700000, 0x000000009a800000|  0%| F|  |TAMS 0x000000009a700000, 0x000000009a700000| Untracked 
| 332|0x000000009a800000, 0x000000009a800000, 0x000000009a900000|  0%| F|  |TAMS 0x000000009a800000, 0x000000009a800000| Untracked 
| 333|0x000000009a900000, 0x000000009a900000, 0x000000009aa00000|  0%| F|  |TAMS 0x000000009a900000, 0x000000009a900000| Untracked 
| 334|0x000000009aa00000, 0x000000009aa00000, 0x000000009ab00000|  0%| F|  |TAMS 0x000000009aa00000, 0x000000009aa00000| Untracked 
| 335|0x000000009ab00000, 0x000000009ab00000, 0x000000009ac00000|  0%| F|  |TAMS 0x000000009ab00000, 0x000000009ab00000| Untracked 
| 336|0x000000009ac00000, 0x000000009ac00000, 0x000000009ad00000|  0%| F|  |TAMS 0x000000009ac00000, 0x000000009ac00000| Untracked 
| 337|0x000000009ad00000, 0x000000009ad00000, 0x000000009ae00000|  0%| F|  |TAMS 0x000000009ad00000, 0x000000009ad00000| Untracked 
| 338|0x000000009ae00000, 0x000000009ae00000, 0x000000009af00000|  0%| F|  |TAMS 0x000000009ae00000, 0x000000009ae00000| Untracked 
| 339|0x000000009af00000, 0x000000009af00000, 0x000000009b000000|  0%| F|  |TAMS 0x000000009af00000, 0x000000009af00000| Untracked 
| 340|0x000000009b000000, 0x000000009b000000, 0x000000009b100000|  0%| F|  |TAMS 0x000000009b000000, 0x000000009b000000| Untracked 
| 341|0x000000009b100000, 0x000000009b100000, 0x000000009b200000|  0%| F|  |TAMS 0x000000009b100000, 0x000000009b100000| Untracked 
| 342|0x000000009b200000, 0x000000009b200000, 0x000000009b300000|  0%| F|  |TAMS 0x000000009b200000, 0x000000009b200000| Untracked 
| 343|0x000000009b300000, 0x000000009b300000, 0x000000009b400000|  0%| F|  |TAMS 0x000000009b300000, 0x000000009b300000| Untracked 
| 344|0x000000009b400000, 0x000000009b400000, 0x000000009b500000|  0%| F|  |TAMS 0x000000009b400000, 0x000000009b400000| Untracked 
| 345|0x000000009b500000, 0x000000009b500000, 0x000000009b600000|  0%| F|  |TAMS 0x000000009b500000, 0x000000009b500000| Untracked 
| 346|0x000000009b600000, 0x000000009b600000, 0x000000009b700000|  0%| F|  |TAMS 0x000000009b600000, 0x000000009b600000| Untracked 
| 347|0x000000009b700000, 0x000000009b700000, 0x000000009b800000|  0%| F|  |TAMS 0x000000009b700000, 0x000000009b700000| Untracked 
| 348|0x000000009b800000, 0x000000009b800000, 0x000000009b900000|  0%| F|  |TAMS 0x000000009b800000, 0x000000009b800000| Untracked 
| 349|0x000000009b900000, 0x000000009b900000, 0x000000009ba00000|  0%| F|  |TAMS 0x000000009b900000, 0x000000009b900000| Untracked 
| 350|0x000000009ba00000, 0x000000009ba00000, 0x000000009bb00000|  0%| F|  |TAMS 0x000000009ba00000, 0x000000009ba00000| Untracked 
| 351|0x000000009bb00000, 0x000000009bb00000, 0x000000009bc00000|  0%| F|  |TAMS 0x000000009bb00000, 0x000000009bb00000| Untracked 
| 352|0x000000009bc00000, 0x000000009bc00000, 0x000000009bd00000|  0%| F|  |TAMS 0x000000009bc00000, 0x000000009bc00000| Untracked 
| 353|0x000000009bd00000, 0x000000009bd00000, 0x000000009be00000|  0%| F|  |TAMS 0x000000009bd00000, 0x000000009bd00000| Untracked 
| 354|0x000000009be00000, 0x000000009be00000, 0x000000009bf00000|  0%| F|  |TAMS 0x000000009be00000, 0x000000009be00000| Untracked 
| 355|0x000000009bf00000, 0x000000009bf00000, 0x000000009c000000|  0%| F|  |TAMS 0x000000009bf00000, 0x000000009bf00000| Untracked 
| 356|0x000000009c000000, 0x000000009c000000, 0x000000009c100000|  0%| F|  |TAMS 0x000000009c000000, 0x000000009c000000| Untracked 
| 357|0x000000009c100000, 0x000000009c100000, 0x000000009c200000|  0%| F|  |TAMS 0x000000009c100000, 0x000000009c100000| Untracked 
| 358|0x000000009c200000, 0x000000009c200000, 0x000000009c300000|  0%| F|  |TAMS 0x000000009c200000, 0x000000009c200000| Untracked 
| 359|0x000000009c300000, 0x000000009c300000, 0x000000009c400000|  0%| F|  |TAMS 0x000000009c300000, 0x000000009c300000| Untracked 
| 360|0x000000009c400000, 0x000000009c400000, 0x000000009c500000|  0%| F|  |TAMS 0x000000009c400000, 0x000000009c400000| Untracked 
| 361|0x000000009c500000, 0x000000009c500000, 0x000000009c600000|  0%| F|  |TAMS 0x000000009c500000, 0x000000009c500000| Untracked 
| 362|0x000000009c600000, 0x000000009c600000, 0x000000009c700000|  0%| F|  |TAMS 0x000000009c600000, 0x000000009c600000| Untracked 
| 363|0x000000009c700000, 0x000000009c700000, 0x000000009c800000|  0%| F|  |TAMS 0x000000009c700000, 0x000000009c700000| Untracked 
| 364|0x000000009c800000, 0x000000009c800000, 0x000000009c900000|  0%| F|  |TAMS 0x000000009c800000, 0x000000009c800000| Untracked 
| 365|0x000000009c900000, 0x000000009c900000, 0x000000009ca00000|  0%| F|  |TAMS 0x000000009c900000, 0x000000009c900000| Untracked 
| 366|0x000000009ca00000, 0x000000009ca00000, 0x000000009cb00000|  0%| F|  |TAMS 0x000000009ca00000, 0x000000009ca00000| Untracked 
| 367|0x000000009cb00000, 0x000000009cb00000, 0x000000009cc00000|  0%| F|  |TAMS 0x000000009cb00000, 0x000000009cb00000| Untracked 
| 368|0x000000009cc00000, 0x000000009cc00000, 0x000000009cd00000|  0%| F|  |TAMS 0x000000009cc00000, 0x000000009cc00000| Untracked 
| 369|0x000000009cd00000, 0x000000009cd00000, 0x000000009ce00000|  0%| F|  |TAMS 0x000000009cd00000, 0x000000009cd00000| Untracked 
| 370|0x000000009ce00000, 0x000000009ce00000, 0x000000009cf00000|  0%| F|  |TAMS 0x000000009ce00000, 0x000000009ce00000| Untracked 
| 371|0x000000009cf00000, 0x000000009cf00000, 0x000000009d000000|  0%| F|  |TAMS 0x000000009cf00000, 0x000000009cf00000| Untracked 
| 372|0x000000009d000000, 0x000000009d000000, 0x000000009d100000|  0%| F|  |TAMS 0x000000009d000000, 0x000000009d000000| Untracked 
| 373|0x000000009d100000, 0x000000009d100000, 0x000000009d200000|  0%| F|  |TAMS 0x000000009d100000, 0x000000009d100000| Untracked 
| 374|0x000000009d200000, 0x000000009d200000, 0x000000009d300000|  0%| F|  |TAMS 0x000000009d200000, 0x000000009d200000| Untracked 

Card table byte_map: [0x00007fca0785c000,0x00007fca07c2e000] _byte_map_base: 0x00007fca0742e000

Marking Bits (Prev, Next): (CMBitMap*) 0x00007fca2404f1d8, (CMBitMap*) 0x00007fca2404f210
 Prev Bits: [0x00007fca055fa000, 0x00007fca0748a000)
 Next Bits: [0x00007fca0376a000, 0x00007fca055fa000)

Polling page: 0x00007fca29ae4000

Metaspace:

Usage:
  Non-class:      5.42 MB capacity,     5.35 MB ( 99%) used,    71.34 KB (  1%) free+waste,     3.44 KB ( <1%) overhead. 
      Class:    540.00 KB capacity,   501.62 KB ( 93%) used,    36.69 KB (  7%) free+waste,     1.69 KB ( <1%) overhead. 
       Both:      5.95 MB capacity,     5.84 MB ( 98%) used,   108.03 KB (  2%) free+waste,     5.12 KB ( <1%) overhead. 

Virtual space:
  Non-class space:        8.00 MB reserved,       5.50 MB ( 69%) committed 
      Class space:        1.00 GB reserved,     640.00 KB ( <1%) committed 
             Both:        1.01 GB reserved,       6.12 MB ( <1%) committed 

Chunk freelists:
   Non-Class:  9.00 KB
       Class:  4.00 KB
        Both:  13.00 KB

CodeHeap 'non-profiled nmethods': size=120032Kb used=183Kb max_used=183Kb free=119848Kb
 bounds [0x00007fca1441f000, 0x00007fca1468f000, 0x00007fca1b957000]
CodeHeap 'profiled nmethods': size=120032Kb used=391Kb max_used=391Kb free=119640Kb
 bounds [0x00007fca0cee7000, 0x00007fca0d157000, 0x00007fca1441f000]
CodeHeap 'non-nmethods': size=5696Kb used=1027Kb max_used=1059Kb free=4668Kb
 bounds [0x00007fca0c957000, 0x00007fca0cbc7000, 0x00007fca0cee7000]
 total_blobs=665 nmethods=233 adapters=228
 compilation: enabled
              stopped_count=0, restarted_count=0
 full_count=0

Compilation events (10 events):
Event: 15.230 Thread 0x00007fca24156000  229       3       java.lang.Throwable::<init> (34 bytes)
Event: 15.230 Thread 0x00007fca24156000 nmethod 229 0x00007fca0cf46f10 code [0x00007fca0cf47100, 0x00007fca0cf47808]
Event: 15.274 Thread 0x00007fca24156000  230       3       java.lang.AbstractStringBuilder::append (55 bytes)
Event: 15.274 Thread 0x00007fca24156000 nmethod 230 0x00007fca0cf47910 code [0x00007fca0cf47b00, 0x00007fca0cf47e98]
Event: 15.279 Thread 0x00007fca24156000  231       3       java.lang.StringIndexOutOfBoundsException::<init> (24 bytes)
Event: 15.279 Thread 0x00007fca24156000 nmethod 231 0x00007fca0cf48010 code [0x00007fca0cf48280, 0x00007fca0cf48b78]
Event: 16.483 Thread 0x00007fca24154000  232       4       java.lang.AbstractStringBuilder::append (55 bytes)
Event: 16.508 Thread 0x00007fca24154000 nmethod 232 0x00007fca1444af90 code [0x00007fca1444b160, 0x00007fca1444bd08]
Event: 16.508 Thread 0x00007fca24154000  233       4       java.lang.StringIndexOutOfBoundsException::<init> (24 bytes)
Event: 16.517 Thread 0x00007fca24154000 nmethod 233 0x00007fca1444c110 code [0x00007fca1444c2e0, 0x00007fca1444cc48]

GC Heap History (10 events):
Event: 16.533 GC heap after
{Heap after GC invocations=38 (full 0):
 garbage-first heap   total 384000K, used 808K [0x0000000085c00000, 0x0000000100000000)
  region size 1024K, 1 young (1024K), 1 survivors (1024K)
 Metaspace       used 5977K, capacity 6091K, committed 6272K, reserved 1056768K
  class space    used 501K, capacity 540K, committed 640K, reserved 1048576K
}
Event: 16.619 GC heap before
{Heap before GC invocations=38 (full 0):
 garbage-first heap   total 384000K, used 230184K [0x0000000085c00000, 0x0000000100000000)
  region size 1024K, 225 young (230400K), 1 survivors (1024K)
 Metaspace       used 5977K, capacity 6091K, committed 6272K, reserved 1056768K
  class space    used 501K, capacity 540K, committed 640K, reserved 1048576K
}
Event: 16.626 GC heap after
{Heap after GC invocations=39 (full 0):
 garbage-first heap   total 384000K, used 808K [0x0000000085c00000, 0x0000000100000000)
  region size 1024K, 1 young (1024K), 1 survivors (1024K)
 Metaspace       used 5977K, capacity 6091K, committed 6272K, reserved 1056768K
  class space    used 501K, capacity 540K, committed 640K, reserved 1048576K
}
Event: 16.715 GC heap before
{Heap before GC invocations=39 (full 0):
 garbage-first heap   total 384000K, used 230184K [0x0000000085c00000, 0x0000000100000000)
  region size 1024K, 225 young (230400K), 1 survivors (1024K)
 Metaspace       used 5977K, capacity 6091K, committed 6272K, reserved 1056768K
  class space    used 501K, capacity 540K, committed 640K, reserved 1048576K
}
Event: 16.720 GC heap after
{Heap after GC invocations=40 (full 0):
 garbage-first heap   total 384000K, used 810K [0x0000000085c00000, 0x0000000100000000)
  region size 1024K, 1 young (1024K), 1 survivors (1024K)
 Metaspace       used 5977K, capacity 6091K, committed 6272K, reserved 1056768K
  class space    used 501K, capacity 540K, committed 640K, reserved 1048576K
}
Event: 16.804 GC heap before
{Heap before GC invocations=40 (full 0):
 garbage-first heap   total 384000K, used 230186K [0x0000000085c00000, 0x0000000100000000)
  region size 1024K, 225 young (230400K), 1 survivors (1024K)
 Metaspace       used 5977K, capacity 6091K, committed 6272K, reserved 1056768K
  class space    used 501K, capacity 540K, committed 640K, reserved 1048576K
}
Event: 16.810 GC heap after
{Heap after GC invocations=41 (full 0):
 garbage-first heap   total 384000K, used 812K [0x0000000085c00000, 0x0000000100000000)
  region size 1024K, 1 young (1024K), 1 survivors (1024K)
 Metaspace       used 5977K, capacity 6091K, committed 6272K, reserved 1056768K
  class space    used 501K, capacity 540K, committed 640K, reserved 1048576K
}
Event: 16.897 GC heap before
{Heap before GC invocations=41 (full 0):
 garbage-first heap   total 384000K, used 230188K [0x0000000085c00000, 0x0000000100000000)
  region size 1024K, 225 young (230400K), 1 survivors (1024K)
 Metaspace       used 5977K, capacity 6091K, committed 6272K, reserved 1056768K
  class space    used 501K, capacity 540K, committed 640K, reserved 1048576K
}
Event: 16.903 GC heap after
{Heap after GC invocations=42 (full 0):
 garbage-first heap   total 384000K, used 810K [0x0000000085c00000, 0x0000000100000000)
  region size 1024K, 1 young (1024K), 1 survivors (1024K)
 Metaspace       used 5977K, capacity 6091K, committed 6272K, reserved 1056768K
  class space    used 501K, capacity 540K, committed 640K, reserved 1048576K
}
Event: 16.995 GC heap before
{Heap before GC invocations=42 (full 0):
 garbage-first heap   total 384000K, used 230186K [0x0000000085c00000, 0x0000000100000000)
  region size 1024K, 225 young (230400K), 1 survivors (1024K)
 Metaspace       used 5977K, capacity 6091K, committed 6272K, reserved 1056768K
  class space    used 501K, capacity 540K, committed 640K, reserved 1048576K
}

Deoptimization events (10 events):
Event: 0.379 Thread 0x00007fca24011800 DEOPT PACKING pc=0x00007fca144283f8 sp=0x00007fca281be5d0
Event: 0.379 Thread 0x00007fca24011800 DEOPT UNPACKING pc=0x00007fca0c97f6a5 sp=0x00007fca281be580 mode 2
Event: 14.690 Thread 0x00007fca24011800 Uncommon trap: trap_request=0xffffff4d fr.pc=0x00007fca1443311c relative=0x0000000000002cbc
Event: 14.690 Thread 0x00007fca24011800 Uncommon trap: reason=unstable_if action=reinterpret pc=0x00007fca1443311c method=bigint.BigInteger.toString()Ljava/lang/String; @ 4 c2
Event: 14.690 Thread 0x00007fca24011800 DEOPT PACKING pc=0x00007fca1443311c sp=0x00007fca281be790
Event: 14.690 Thread 0x00007fca24011800 DEOPT UNPACKING pc=0x00007fca0c97f6a5 sp=0x00007fca281be7a8 mode 2
Event: 14.695 Thread 0x00007fca24011800 DEOPT PACKING pc=0x00007fca0cf381ee sp=0x00007fca281be720
Event: 14.695 Thread 0x00007fca24011800 DEOPT UNPACKING pc=0x00007fca0c97f4ba sp=0x00007fca281bdc98 mode 0
Event: 15.061 Thread 0x00007fca24011800 DEOPT PACKING pc=0x00007fca0cf42263 sp=0x00007fca281be880
Event: 15.061 Thread 0x00007fca24011800 DEOPT UNPACKING pc=0x00007fca0c97f4ba sp=0x00007fca281bddc8 mode 0

Classes redefined (0 events):
No events

Internal exceptions (2 events):
Event: 0.320 Thread 0x00007fca24011800 Exception <a 'java/lang/NoSuchMethodError'{0x000000008d636060}: 'int java.lang.invoke.DirectMethodHandle$Holder.invokeSpecialIFC(java.lang.Object, java.lang.Object, int)'> (0x000000008d636060) thrown at [/build/java11-openjdk/src/jdk11u-jdk-11.0.4+11/src/
Event: 14.690 Thread 0x00007fca24011800 Implicit null exception at 0x00007fca14430498 to 0x00007fca14433106

Events (10 events):
Event: 16.534 Executing VM operation: G1CollectForAllocation done
Event: 16.616 Executing VM operation: G1CollectForAllocation
Event: 16.626 Executing VM operation: G1CollectForAllocation done
Event: 16.712 Executing VM operation: G1CollectForAllocation
Event: 16.720 Executing VM operation: G1CollectForAllocation done
Event: 16.801 Executing VM operation: G1CollectForAllocation
Event: 16.810 Executing VM operation: G1CollectForAllocation done
Event: 16.895 Executing VM operation: G1CollectForAllocation
Event: 16.903 Executing VM operation: G1CollectForAllocation done
Event: 16.989 Executing VM operation: G1CollectForAllocation


Dynamic libraries:
85c00000-9d300000 rw-p 00000000 00:00 0 
a3b00000-100000000 ---p 00000000 00:00 0 
100000000-1000a0000 rw-p 00000000 00:00 0 
1000a0000-140000000 ---p 00000000 00:00 0 
555711820000-555711821000 r--p 00000000 103:06 4722331                   /usr/lib/jvm/java-11-openjdk/bin/java
555711821000-555711822000 r-xp 00001000 103:06 4722331                   /usr/lib/jvm/java-11-openjdk/bin/java
555711822000-555711823000 r--p 00002000 103:06 4722331                   /usr/lib/jvm/java-11-openjdk/bin/java
555711823000-555711824000 r--p 00002000 103:06 4722331                   /usr/lib/jvm/java-11-openjdk/bin/java
555711824000-555711825000 rw-p 00003000 103:06 4722331                   /usr/lib/jvm/java-11-openjdk/bin/java
5557123b4000-5557123d5000 rw-p 00000000 00:00 0                          [heap]
7fc9b4000000-7fc9b4021000 rw-p 00000000 00:00 0 
7fc9b4021000-7fc9b8000000 ---p 00000000 00:00 0 
7fc9bc000000-7fc9bc021000 rw-p 00000000 00:00 0 
7fc9bc021000-7fc9c0000000 ---p 00000000 00:00 0 
7fc9c0000000-7fc9c0021000 rw-p 00000000 00:00 0 
7fc9c0021000-7fc9c4000000 ---p 00000000 00:00 0 
7fc9c4000000-7fc9c4021000 rw-p 00000000 00:00 0 
7fc9c4021000-7fc9c8000000 ---p 00000000 00:00 0 
7fc9c8000000-7fc9c8021000 rw-p 00000000 00:00 0 
7fc9c8021000-7fc9cc000000 ---p 00000000 00:00 0 
7fc9cc000000-7fc9cc021000 rw-p 00000000 00:00 0 
7fc9cc021000-7fc9d0000000 ---p 00000000 00:00 0 
7fc9d0000000-7fc9d0021000 rw-p 00000000 00:00 0 
7fc9d0021000-7fc9d4000000 ---p 00000000 00:00 0 
7fc9d4000000-7fc9d4158000 rw-p 00000000 00:00 0 
7fc9d4158000-7fc9d8000000 ---p 00000000 00:00 0 
7fc9db7f4000-7fc9db7f5000 ---p 00000000 00:00 0 
7fc9db7f5000-7fc9db8f6000 rw-p 00000000 00:00 0 
7fc9db8f6000-7fc9db8f7000 ---p 00000000 00:00 0 
7fc9db8f7000-7fc9db9f8000 rw-p 00000000 00:00 0 
7fc9db9f8000-7fc9db9f9000 ---p 00000000 00:00 0 
7fc9db9f9000-7fc9dbafa000 rw-p 00000000 00:00 0 
7fc9dbafa000-7fc9dbafe000 ---p 00000000 00:00 0 
7fc9dbafe000-7fc9dbbfb000 rw-p 00000000 00:00 0 
7fc9dbbfb000-7fc9dbbfc000 ---p 00000000 00:00 0 
7fc9dbbfc000-7fc9dbcfd000 rw-p 00000000 00:00 0 
7fc9dbcfd000-7fc9dbd01000 ---p 00000000 00:00 0 
7fc9dbd01000-7fc9dbdfe000 rw-p 00000000 00:00 0 
7fc9dbdfe000-7fc9dbe02000 ---p 00000000 00:00 0 
7fc9dbe02000-7fc9dbeff000 rw-p 00000000 00:00 0 
7fc9dbeff000-7fc9dbf03000 ---p 00000000 00:00 0 
7fc9dbf03000-7fc9dc000000 rw-p 00000000 00:00 0 
7fc9dc000000-7fc9dc021000 rw-p 00000000 00:00 0 
7fc9dc021000-7fc9e0000000 ---p 00000000 00:00 0 
7fc9e0000000-7fc9e0e2c000 rw-p 00000000 00:00 0 
7fc9e0e2c000-7fc9e4000000 ---p 00000000 00:00 0 
7fc9e4000000-7fc9e4021000 rw-p 00000000 00:00 0 
7fc9e4021000-7fc9e8000000 ---p 00000000 00:00 0 
7fc9e8000000-7fc9e8021000 rw-p 00000000 00:00 0 
7fc9e8021000-7fc9ec000000 ---p 00000000 00:00 0 
7fc9ec000000-7fc9ec021000 rw-p 00000000 00:00 0 
7fc9ec021000-7fc9f0000000 ---p 00000000 00:00 0 
7fc9f0000000-7fc9f00e5000 rw-p 00000000 00:00 0 
7fc9f00e5000-7fc9f4000000 ---p 00000000 00:00 0 
7fc9f4000000-7fc9f4021000 rw-p 00000000 00:00 0 
7fc9f4021000-7fc9f8000000 ---p 00000000 00:00 0 
7fc9f8000000-7fc9f8021000 rw-p 00000000 00:00 0 
7fc9f8021000-7fc9fc000000 ---p 00000000 00:00 0 
7fc9fc000000-7fc9fc021000 rw-p 00000000 00:00 0 
7fc9fc021000-7fca00000000 ---p 00000000 00:00 0 
7fca00051000-7fca00082000 rw-p 00000000 00:00 0 
7fca00082000-7fca00086000 r--p 00000000 103:06 4723231                   /usr/lib/jvm/java-11-openjdk/lib/libnet.so
7fca00086000-7fca00095000 r-xp 00004000 103:06 4723231                   /usr/lib/jvm/java-11-openjdk/lib/libnet.so
7fca00095000-7fca00099000 r--p 00013000 103:06 4723231                   /usr/lib/jvm/java-11-openjdk/lib/libnet.so
7fca00099000-7fca0009a000 r--p 00016000 103:06 4723231                   /usr/lib/jvm/java-11-openjdk/lib/libnet.so
7fca0009a000-7fca0009b000 rw-p 00017000 103:06 4723231                   /usr/lib/jvm/java-11-openjdk/lib/libnet.so
7fca0009b000-7fca0009f000 ---p 00000000 00:00 0 
7fca0009f000-7fca0019c000 rw-p 00000000 00:00 0 
7fca0019c000-7fca001a0000 ---p 00000000 00:00 0 
7fca001a0000-7fca0029d000 rw-p 00000000 00:00 0 
7fca0029d000-7fca00582000 r--p 00000000 103:06 4604061                   /usr/lib/locale/locale-archive
7fca00582000-7fca00586000 ---p 00000000 00:00 0 
7fca00586000-7fca00683000 rw-p 00000000 00:00 0 
7fca00683000-7fca00687000 ---p 00000000 00:00 0 
7fca00687000-7fca00784000 rw-p 00000000 00:00 0 
7fca00784000-7fca00785000 ---p 00000000 00:00 0 
7fca00785000-7fca00ee2000 rw-p 00000000 00:00 0 
7fca00ee2000-7fca01162000 ---p 00000000 00:00 0 
7fca01162000-7fca01163000 ---p 00000000 00:00 0 
7fca01163000-7fca01264000 rw-p 00000000 00:00 0 
7fca01264000-7fca01265000 ---p 00000000 00:00 0 
7fca01265000-7fca03d46000 rw-p 00000000 00:00 0 
7fca03d46000-7fca055fa000 ---p 00000000 00:00 0 
7fca055fa000-7fca05bd6000 rw-p 00000000 00:00 0 
7fca05bd6000-7fca0748a000 ---p 00000000 00:00 0 
7fca0748a000-7fca07546000 rw-p 00000000 00:00 0 
7fca07546000-7fca0785c000 ---p 00000000 00:00 0 
7fca0785c000-7fca07918000 rw-p 00000000 00:00 0 
7fca07918000-7fca07c2e000 ---p 00000000 00:00 0 
7fca07c2e000-7fca07cea000 rw-p 00000000 00:00 0 
7fca07cea000-7fca08000000 ---p 00000000 00:00 0 
7fca08000000-7fca08021000 rw-p 00000000 00:00 0 
7fca08021000-7fca0c000000 ---p 00000000 00:00 0 
7fca0c00d000-7fca0c077000 rw-p 00000000 00:00 0 
7fca0c077000-7fca0c078000 ---p 00000000 00:00 0 
7fca0c078000-7fca0c179000 rw-p 00000000 00:00 0 
7fca0c179000-7fca0c17a000 ---p 00000000 00:00 0 
7fca0c17a000-7fca0c67f000 rw-p 00000000 00:00 0 
7fca0c67f000-7fca0c680000 ---p 00000000 00:00 0 
7fca0c680000-7fca0c786000 rw-p 00000000 00:00 0 
7fca0c786000-7fca0c86c000 ---p 00000000 00:00 0 
7fca0c86c000-7fca0c871000 rw-p 00000000 00:00 0 
7fca0c871000-7fca0c957000 ---p 00000000 00:00 0 
7fca0c957000-7fca0cbc7000 rwxp 00000000 00:00 0 
7fca0cbc7000-7fca0cee7000 ---p 00000000 00:00 0 
7fca0cee7000-7fca0d157000 rwxp 00000000 00:00 0 
7fca0d157000-7fca1441f000 ---p 00000000 00:00 0 
7fca1441f000-7fca1468f000 rwxp 00000000 00:00 0 
7fca1468f000-7fca1b957000 ---p 00000000 00:00 0 
7fca1b957000-7fca24000000 r--s 00000000 103:06 4723955                   /usr/lib/jvm/java-11-openjdk/lib/modules
7fca24000000-7fca24257000 rw-p 00000000 00:00 0 
7fca24257000-7fca28000000 ---p 00000000 00:00 0 
7fca2800c000-7fca28013000 r--p 00000000 103:06 4723940                   /usr/lib/jvm/java-11-openjdk/lib/libnio.so
7fca28013000-7fca2801a000 r-xp 00007000 103:06 4723940                   /usr/lib/jvm/java-11-openjdk/lib/libnio.so
7fca2801a000-7fca2801d000 r--p 0000e000 103:06 4723940                   /usr/lib/jvm/java-11-openjdk/lib/libnio.so
7fca2801d000-7fca2801e000 r--p 00010000 103:06 4723940                   /usr/lib/jvm/java-11-openjdk/lib/libnio.so
7fca2801e000-7fca2801f000 rw-p 00011000 103:06 4723940                   /usr/lib/jvm/java-11-openjdk/lib/libnio.so
7fca2801f000-7fca28065000 rw-p 00000000 00:00 0 
7fca28065000-7fca2806c000 ---p 00000000 00:00 0 
7fca2806c000-7fca2806e000 r--p 00000000 103:06 4723217                   /usr/lib/jvm/java-11-openjdk/lib/libjimage.so
7fca2806e000-7fca28071000 r-xp 00002000 103:06 4723217                   /usr/lib/jvm/java-11-openjdk/lib/libjimage.so
7fca28071000-7fca28072000 r--p 00005000 103:06 4723217                   /usr/lib/jvm/java-11-openjdk/lib/libjimage.so
7fca28072000-7fca28073000 ---p 00006000 103:06 4723217                   /usr/lib/jvm/java-11-openjdk/lib/libjimage.so
7fca28073000-7fca28074000 r--p 00006000 103:06 4723217                   /usr/lib/jvm/java-11-openjdk/lib/libjimage.so
7fca28074000-7fca28075000 rw-p 00007000 103:06 4723217                   /usr/lib/jvm/java-11-openjdk/lib/libjimage.so
7fca28075000-7fca28077000 r--p 00000000 103:06 4723954                   /usr/lib/jvm/java-11-openjdk/lib/libzip.so
7fca28077000-7fca2807b000 r-xp 00002000 103:06 4723954                   /usr/lib/jvm/java-11-openjdk/lib/libzip.so
7fca2807b000-7fca2807d000 r--p 00006000 103:06 4723954                   /usr/lib/jvm/java-11-openjdk/lib/libzip.so
7fca2807d000-7fca2807e000 r--p 00007000 103:06 4723954                   /usr/lib/jvm/java-11-openjdk/lib/libzip.so
7fca2807e000-7fca2807f000 rw-p 00008000 103:06 4723954                   /usr/lib/jvm/java-11-openjdk/lib/libzip.so
7fca2807f000-7fca28087000 rw-s 00000000 00:2b 35                         /tmp/hsperfdata_jacques/7748
7fca28087000-7fca28095000 r--p 00000000 103:06 4723211                   /usr/lib/jvm/java-11-openjdk/lib/libjava.so
7fca28095000-7fca280aa000 r-xp 0000e000 103:06 4723211                   /usr/lib/jvm/java-11-openjdk/lib/libjava.so
7fca280aa000-7fca280b1000 r--p 00023000 103:06 4723211                   /usr/lib/jvm/java-11-openjdk/lib/libjava.so
7fca280b1000-7fca280b2000 r--p 00029000 103:06 4723211                   /usr/lib/jvm/java-11-openjdk/lib/libjava.so
7fca280b2000-7fca280b3000 rw-p 0002a000 103:06 4723211                   /usr/lib/jvm/java-11-openjdk/lib/libjava.so
7fca280b3000-7fca280b4000 rw-p 00000000 00:00 0 
7fca280b4000-7fca280b7000 r--p 00000000 103:06 4604048                   /usr/lib/librt-2.29.so
7fca280b7000-7fca280bb000 r-xp 00003000 103:06 4604048                   /usr/lib/librt-2.29.so
7fca280bb000-7fca280bd000 r--p 00007000 103:06 4604048                   /usr/lib/librt-2.29.so
7fca280bd000-7fca280be000 r--p 00008000 103:06 4604048                   /usr/lib/librt-2.29.so
7fca280be000-7fca280bf000 rw-p 00009000 103:06 4604048                   /usr/lib/librt-2.29.so
7fca280bf000-7fca280c3000 ---p 00000000 00:00 0 
7fca280c3000-7fca281c0000 rw-p 00000000 00:00 0 
7fca281c0000-7fca281c3000 r--p 00000000 103:06 4591834                   /usr/lib/libgcc_s.so.1
7fca281c3000-7fca281d4000 r-xp 00003000 103:06 4591834                   /usr/lib/libgcc_s.so.1
7fca281d4000-7fca281d8000 r--p 00014000 103:06 4591834                   /usr/lib/libgcc_s.so.1
7fca281d8000-7fca281d9000 r--p 00017000 103:06 4591834                   /usr/lib/libgcc_s.so.1
7fca281d9000-7fca281da000 rw-p 00018000 103:06 4591834                   /usr/lib/libgcc_s.so.1
7fca281da000-7fca281e9000 r--p 00000000 103:06 4596436                   /usr/lib/libm-2.29.so
7fca281e9000-7fca28285000 r-xp 0000f000 103:06 4596436                   /usr/lib/libm-2.29.so
7fca28285000-7fca2831e000 r--p 000ab000 103:06 4596436                   /usr/lib/libm-2.29.so
7fca2831e000-7fca2831f000 r--p 00143000 103:06 4596436                   /usr/lib/libm-2.29.so
7fca2831f000-7fca28320000 rw-p 00144000 103:06 4596436                   /usr/lib/libm-2.29.so
7fca28320000-7fca283b5000 r--p 00000000 103:06 4593531                   /usr/lib/libstdc++.so.6.0.26
7fca283b5000-7fca284ad000 r-xp 00095000 103:06 4593531                   /usr/lib/libstdc++.so.6.0.26
7fca284ad000-7fca284f6000 r--p 0018d000 103:06 4593531                   /usr/lib/libstdc++.so.6.0.26
7fca284f6000-7fca284f7000 ---p 001d6000 103:06 4593531                   /usr/lib/libstdc++.so.6.0.26
7fca284f7000-7fca28504000 r--p 001d6000 103:06 4593531                   /usr/lib/libstdc++.so.6.0.26
7fca28504000-7fca28505000 rw-p 001e3000 103:06 4593531                   /usr/lib/libstdc++.so.6.0.26
7fca28505000-7fca28508000 rw-p 00000000 00:00 0 
7fca28508000-7fca28779000 r--p 00000000 103:06 4724499                   /usr/lib/jvm/java-11-openjdk/lib/server/libjvm.so
7fca28779000-7fca2933c000 r-xp 00271000 103:06 4724499                   /usr/lib/jvm/java-11-openjdk/lib/server/libjvm.so
7fca2933c000-7fca2957b000 r--p 00e34000 103:06 4724499                   /usr/lib/jvm/java-11-openjdk/lib/server/libjvm.so
7fca2957b000-7fca2957c000 ---p 01073000 103:06 4724499                   /usr/lib/jvm/java-11-openjdk/lib/server/libjvm.so
7fca2957c000-7fca2963b000 r--p 01073000 103:06 4724499                   /usr/lib/jvm/java-11-openjdk/lib/server/libjvm.so
7fca2963b000-7fca29674000 rw-p 01132000 103:06 4724499                   /usr/lib/jvm/java-11-openjdk/lib/server/libjvm.so
7fca29674000-7fca296cc000 rw-p 00000000 00:00 0 
7fca296cc000-7fca296d3000 r--p 00000000 103:06 4604040                   /usr/lib/libpthread-2.29.so
7fca296d3000-7fca296e2000 r-xp 00007000 103:06 4604040                   /usr/lib/libpthread-2.29.so
7fca296e2000-7fca296e7000 r--p 00016000 103:06 4604040                   /usr/lib/libpthread-2.29.so
7fca296e7000-7fca296e8000 r--p 0001a000 103:06 4604040                   /usr/lib/libpthread-2.29.so
7fca296e8000-7fca296e9000 rw-p 0001b000 103:06 4604040                   /usr/lib/libpthread-2.29.so
7fca296e9000-7fca296ed000 rw-p 00000000 00:00 0 
7fca296ed000-7fca296ee000 r--p 00000000 103:06 4596430                   /usr/lib/libdl-2.29.so
7fca296ee000-7fca296ef000 r-xp 00001000 103:06 4596430                   /usr/lib/libdl-2.29.so
7fca296ef000-7fca296f0000 r--p 00002000 103:06 4596430                   /usr/lib/libdl-2.29.so
7fca296f0000-7fca296f1000 r--p 00002000 103:06 4596430                   /usr/lib/libdl-2.29.so
7fca296f1000-7fca296f2000 rw-p 00003000 103:06 4596430                   /usr/lib/libdl-2.29.so
7fca296f2000-7fca29708000 r-xp 00000000 103:06 4593760                   /usr/lib/libz.so.1.2.11
7fca29708000-7fca29907000 ---p 00016000 103:06 4593760                   /usr/lib/libz.so.1.2.11
7fca29907000-7fca29908000 r--p 00015000 103:06 4593760                   /usr/lib/libz.so.1.2.11
7fca29908000-7fca29909000 rw-p 00016000 103:06 4593760                   /usr/lib/libz.so.1.2.11
7fca29909000-7fca2992e000 r--p 00000000 103:06 4596421                   /usr/lib/libc-2.29.so
7fca2992e000-7fca29a78000 r-xp 00025000 103:06 4596421                   /usr/lib/libc-2.29.so
7fca29a78000-7fca29ac1000 r--p 0016f000 103:06 4596421                   /usr/lib/libc-2.29.so
7fca29ac1000-7fca29ac2000 ---p 001b8000 103:06 4596421                   /usr/lib/libc-2.29.so
7fca29ac2000-7fca29ac5000 r--p 001b8000 103:06 4596421                   /usr/lib/libc-2.29.so
7fca29ac5000-7fca29ac8000 rw-p 001bb000 103:06 4596421                   /usr/lib/libc-2.29.so
7fca29ac8000-7fca29acc000 rw-p 00000000 00:00 0 
7fca29ad0000-7fca29ad3000 r--p 00000000 103:06 4602766                   /usr/lib/libnss_files-2.29.so
7fca29ad3000-7fca29ada000 r-xp 00003000 103:06 4602766                   /usr/lib/libnss_files-2.29.so
7fca29ada000-7fca29adc000 r--p 0000a000 103:06 4602766                   /usr/lib/libnss_files-2.29.so
7fca29adc000-7fca29add000 r--p 0000b000 103:06 4602766                   /usr/lib/libnss_files-2.29.so
7fca29add000-7fca29ade000 rw-p 0000c000 103:06 4602766                   /usr/lib/libnss_files-2.29.so
7fca29ade000-7fca29ae4000 rw-p 00000000 00:00 0 
7fca29ae4000-7fca29ae5000 ---p 00000000 00:00 0 
7fca29ae5000-7fca29ae6000 r--p 00000000 00:00 0 
7fca29ae6000-7fca29aeb000 r--p 00000000 103:06 4723952                   /usr/lib/jvm/java-11-openjdk/lib/libverify.so
7fca29aeb000-7fca29af2000 r-xp 00005000 103:06 4723952                   /usr/lib/jvm/java-11-openjdk/lib/libverify.so
7fca29af2000-7fca29af4000 r--p 0000c000 103:06 4723952                   /usr/lib/jvm/java-11-openjdk/lib/libverify.so
7fca29af4000-7fca29af5000 ---p 0000e000 103:06 4723952                   /usr/lib/jvm/java-11-openjdk/lib/libverify.so
7fca29af5000-7fca29af7000 r--p 0000e000 103:06 4723952                   /usr/lib/jvm/java-11-openjdk/lib/libverify.so
7fca29af7000-7fca29af8000 rw-p 00010000 103:06 4723952                   /usr/lib/jvm/java-11-openjdk/lib/libverify.so
7fca29af8000-7fca29afb000 r--p 00000000 103:06 4722356                   /usr/lib/jvm/java-11-openjdk/lib/jli/libjli.so
7fca29afb000-7fca29b05000 r-xp 00003000 103:06 4722356                   /usr/lib/jvm/java-11-openjdk/lib/jli/libjli.so
7fca29b05000-7fca29b08000 r--p 0000d000 103:06 4722356                   /usr/lib/jvm/java-11-openjdk/lib/jli/libjli.so
7fca29b08000-7fca29b09000 ---p 00010000 103:06 4722356                   /usr/lib/jvm/java-11-openjdk/lib/jli/libjli.so
7fca29b09000-7fca29b0a000 r--p 00010000 103:06 4722356                   /usr/lib/jvm/java-11-openjdk/lib/jli/libjli.so
7fca29b0a000-7fca29b0b000 rw-p 00011000 103:06 4722356                   /usr/lib/jvm/java-11-openjdk/lib/jli/libjli.so
7fca29b0b000-7fca29b0d000 rw-p 00000000 00:00 0 
7fca29b0d000-7fca29b0f000 r--p 00000000 103:06 4596410                   /usr/lib/ld-2.29.so
7fca29b0f000-7fca29b2e000 r-xp 00002000 103:06 4596410                   /usr/lib/ld-2.29.so
7fca29b2e000-7fca29b36000 r--p 00021000 103:06 4596410                   /usr/lib/ld-2.29.so
7fca29b37000-7fca29b38000 r--p 00029000 103:06 4596410                   /usr/lib/ld-2.29.so
7fca29b38000-7fca29b39000 rw-p 0002a000 103:06 4596410                   /usr/lib/ld-2.29.so
7fca29b39000-7fca29b3a000 rw-p 00000000 00:00 0 
7ffed4f0f000-7ffed4f30000 rw-p 00000000 00:00 0                          [stack]
7ffed4f7c000-7ffed4f7f000 r--p 00000000 00:00 0                          [vvar]
7ffed4f7f000-7ffed4f81000 r-xp 00000000 00:00 0                          [vdso]


VM Arguments:
jvm_args: -Dfile.encoding=UTF-8 
java_command: bigint.BigTest
java_class_path (initial): /home/jacques/eclipse-workspace/Big Integer/bin
Launcher Type: SUN_STANDARD

[Global flags]
     intx CICompilerCount                          = 3                                         {product} {ergonomic}
     uint ConcGCThreads                            = 1                                         {product} {ergonomic}
     uint G1ConcRefinementThreads                  = 4                                         {product} {ergonomic}
   size_t G1HeapRegionSize                         = 1048576                                   {product} {ergonomic}
    uintx GCDrainStackTargetSize                   = 64                                        {product} {ergonomic}
   size_t InitialHeapSize                          = 130023424                                 {product} {ergonomic}
   size_t MarkStackSize                            = 4194304                                   {product} {ergonomic}
   size_t MaxHeapSize                              = 2051014656                                {product} {ergonomic}
   size_t MaxNewSize                               = 1229979648                                {product} {ergonomic}
   size_t MinHeapDeltaBytes                        = 1048576                                   {product} {ergonomic}
    uintx NonNMethodCodeHeapSize                   = 5830092                                {pd product} {ergonomic}
    uintx NonProfiledCodeHeapSize                  = 122914074                              {pd product} {ergonomic}
    uintx ProfiledCodeHeapSize                     = 122914074                              {pd product} {ergonomic}
    uintx ReservedCodeCacheSize                    = 251658240                              {pd product} {ergonomic}
     bool SegmentedCodeCache                       = true                                      {product} {ergonomic}
     bool UseCompressedClassPointers               = true                                 {lp64_product} {ergonomic}
     bool UseCompressedOops                        = true                                 {lp64_product} {ergonomic}
     bool UseG1GC                                  = true                                      {product} {ergonomic}

Logging:
Log output configuration:
 #0: stdout all=warning uptime,level,tags
 #1: stderr all=off uptime,level,tags

Environment Variables:
PATH=/home/jacques/.local/bin:/usr/local/bin:/usr/bin:/bin:/usr/local/sbin:/usr/lib/jvm/default/bin:/usr/bin/site_perl:/usr/bin/vendor_perl:/usr/bin/core_perl
SHELL=/bin/bash
DISPLAY=:0

Signal Handlers:
SIGSEGV: [libjvm.so+0xdc05b0], sa_mask[0]=11111111011111111101111111111110, sa_flags=SA_RESTART|SA_SIGINFO
SIGBUS: [libjvm.so+0xdc05b0], sa_mask[0]=11111111011111111101111111111110, sa_flags=SA_RESTART|SA_SIGINFO
SIGFPE: [libjvm.so+0xdc05b0], sa_mask[0]=11111111011111111101111111111110, sa_flags=SA_RESTART|SA_SIGINFO
SIGPIPE: [libjvm.so+0xbb7680], sa_mask[0]=11111111011111111101111111111110, sa_flags=SA_RESTART|SA_SIGINFO
SIGXFSZ: [libjvm.so+0xbb7680], sa_mask[0]=11111111011111111101111111111110, sa_flags=SA_RESTART|SA_SIGINFO
SIGILL: [libjvm.so+0xdc05b0], sa_mask[0]=11111111011111111101111111111110, sa_flags=SA_RESTART|SA_SIGINFO
SIGUSR2: [libjvm.so+0xbb7510], sa_mask[0]=00100000000000000000000000000000, sa_flags=SA_RESTART|SA_SIGINFO
SIGHUP: [libjvm.so+0xbb7a00], sa_mask[0]=11111111011111111101111111111110, sa_flags=SA_RESTART|SA_SIGINFO
SIGINT: [libjvm.so+0xbb7a00], sa_mask[0]=11111111011111111101111111111110, sa_flags=SA_RESTART|SA_SIGINFO
SIGTERM: [libjvm.so+0xbb7a00], sa_mask[0]=11111111011111111101111111111110, sa_flags=SA_RESTART|SA_SIGINFO
SIGQUIT: [libjvm.so+0xbb7a00], sa_mask[0]=11111111011111111101111111111110, sa_flags=SA_RESTART|SA_SIGINFO


---------------  S Y S T E M  ---------------

OS:DISTRIB_ID=ManjaroLinux
DISTRIB_RELEASE=18.1.0
DISTRIB_CODENAME=Juhraya
DISTRIB_DESCRIPTION="Manjaro Linux"
uname:Linux 4.19.69-1-MANJARO #1 SMP PREEMPT Thu Aug 29 08:51:46 UTC 2019 x86_64
libc:glibc 2.29 NPTL 2.29 
rlimit: STACK 8192k, CORE infinity, NPROC 31068, NOFILE 524288, AS infinity, DATA infinity, FSIZE infinity
load average:0.41 0.81 0.80

/proc/meminfo:
MemTotal:        8011652 kB
MemFree:          108132 kB
MemAvailable:       9740 kB
Buffers:             680 kB
Cached:          2139888 kB
SwapCached:            0 kB
Active:          5386516 kB
Inactive:        2115448 kB
Active(anon):    5371600 kB
Inactive(anon):  2099896 kB
Active(file):      14916 kB
Inactive(file):    15552 kB
Unevictable:          64 kB
Mlocked:              64 kB
SwapTotal:             0 kB
SwapFree:              0 kB
Dirty:                28 kB
Writeback:             0 kB
AnonPages:       5361960 kB
Mapped:           405368 kB
Shmem:           2109600 kB
Slab:             167264 kB
SReclaimable:      54500 kB
SUnreclaim:       112764 kB
KernelStack:       15136 kB
PageTables:        65632 kB
NFS_Unstable:          0 kB
Bounce:                0 kB
WritebackTmp:          0 kB
CommitLimit:     4005824 kB
Committed_AS:   16706132 kB
VmallocTotal:   34359738367 kB
VmallocUsed:           0 kB
VmallocChunk:          0 kB
Percpu:             1456 kB
HardwareCorrupted:     0 kB
AnonHugePages:         0 kB
ShmemHugePages:        0 kB
ShmemPmdMapped:        0 kB
HugePages_Total:       0
HugePages_Free:        0
HugePages_Rsvd:        0
HugePages_Surp:        0
Hugepagesize:       2048 kB
Hugetlb:               0 kB
DirectMap4k:      603892 kB
DirectMap2M:     7630848 kB
DirectMap1G:           0 kB


/proc/sys/kernel/threads-max (system-wide limit on the number of threads):
62136


/proc/sys/vm/max_map_count (maximum number of memory map areas a process may have):
65530


/proc/sys/kernel/pid_max (system-wide limit on number of process identifiers):
32768



container (cgroup) information:
container_type: cgroupv1
cpu_cpuset_cpus: 0-3
cpu_memory_nodes: 0
active_processor_count: 4
cpu_quota: -1
cpu_period: 100000
cpu_shares: -1
memory_limit_in_bytes: -1
memory_and_swap_limit_in_bytes: -1
memory_soft_limit_in_bytes: -1
memory_usage_in_bytes: 7290822656
memory_max_usage_in_bytes: 7291006976

Steal ticks since vm start: 0
Steal ticks percentage since vm start:  0.000

CPU:total 4 (initial active 4) (4 cores per cpu, 1 threads per core) family 6 model 158 stepping 9, cmov, cx8, fxsr, mmx, sse, sse2, sse3, ssse3, sse4.1, sse4.2, popcnt, avx, avx2, aes, clmul, erms, 3dnowpref, lzcnt, tsc, tscinvbit, bmi1, bmi2, adx, fma
CPU Model and flags from /proc/cpuinfo:
model name	: Intel(R) Core(TM) i5-7300HQ CPU @ 2.50GHz
flags		: fpu vme de pse tsc msr pae mce cx8 apic sep mtrr pge mca cmov pat pse36 clflush dts acpi mmx fxsr sse sse2 ss ht tm pbe syscall nx pdpe1gb rdtscp lm constant_tsc art arch_perfmon pebs bts rep_good nopl xtopology nonstop_tsc cpuid aperfmperf tsc_known_freq pni pclmulqdq dtes64 monitor ds_cpl vmx est tm2 ssse3 sdbg fma cx16 xtpr pdcm pcid sse4_1 sse4_2 x2apic movbe popcnt tsc_deadline_timer aes xsave avx f16c rdrand lahf_lm abm 3dnowprefetch cpuid_fault epb invpcid_single pti ssbd ibrs ibpb stibp tpr_shadow vnmi flexpriority ept vpid ept_ad fsgsbase tsc_adjust bmi1 avx2 smep bmi2 erms invpcid mpx rdseed adx smap clflushopt intel_pt xsaveopt xsavec xgetbv1 xsaves dtherm ida arat pln pts hwp hwp_notify hwp_act_window hwp_epp md_clear flush_l1d

Memory: 4k page, physical 8011652k(107628k free), swap 0k(0k free)

vm_info: OpenJDK 64-Bit Server VM (11.0.4+11) for linux-amd64 JRE (11.0.4+11), built on Jul 24 2019 22:42:35 by "builduser" with gcc 9.1.0

END.
