#
# There is insufficient memory for the Java Runtime Environment to continue.
# Native memory allocation (mmap) failed to map 130023424 bytes for committing reserved memory.
# Possible reasons:
#   The system is out of physical RAM or swap space
#   The process is running with CompressedOops enabled, and the Java Heap may be blocking the growth of the native heap
# Possible solutions:
#   Reduce memory load on the system
#   Increase physical memory or swap space
#   Check if swap backing store is full
#   Decrease Java heap size (-Xmx/-Xms)
#   Decrease number of Java threads
#   Decrease Java thread stack sizes (-Xss)
#   Set larger code cache with -XX:ReservedCodeCacheSize=
# This output file may be truncated or incomplete.
#
#  Out of Memory Error (os_linux.cpp:2884), pid=7147, tid=7154
#
# JRE version:  (11.0.4+11) (build )
# Java VM: OpenJDK 64-Bit Server VM (11.0.4+11, mixed mode, aot, sharing, tiered, compressed oops, g1 gc, linux-amd64)
# Core dump will be written. Default location: Core dumps may be processed with "/usr/lib/systemd/systemd-coredump %P %u %g %s %t %c %h %e" (or dumping to /home/jacques/eclipse-workspace/Big Integer/core.7147)
#

---------------  S U M M A R Y ------------

Command Line: -Dfile.encoding=UTF-8 bigint.BigTest

Host: Intel(R) Core(TM) i5-7300HQ CPU @ 2.50GHz, 4 cores, 7G, Manjaro Linux
Time: Tue Oct  1 22:42:18 2019 EDT elapsed time: 0 seconds (0d 0h 0m 0s)

---------------  T H R E A D  ---------------

Current thread (0x00007fd83c011800):  JavaThread "Unknown thread" [_thread_in_vm, id=7154, stack(0x00007fd843de2000,0x00007fd843ee3000)]

Stack: [0x00007fd843de2000,0x00007fd843ee3000],  sp=0x00007fd843ee12b0,  free space=1020k
Native frames: (J=compiled Java code, A=aot compiled Java code, j=interpreted, Vv=VM code, C=native code)
V  [libjvm.so+0xdbebd7]
V  [libjvm.so+0xdbf87d]
V  [libjvm.so+0x66ff07]
V  [libjvm.so+0xbbc004]
V  [libjvm.so+0xbb2b4e]
V  [libjvm.so+0x7841fc]
V  [libjvm.so+0x784620]
V  [libjvm.so+0x78f4f4]
V  [libjvm.so+0x80cdc4]
V  [libjvm.so+0x80d9f4]
V  [libjvm.so+0x80e006]
V  [libjvm.so+0x73e0f0]
V  [libjvm.so+0x73e824]
V  [libjvm.so+0xd7d822]
V  [libjvm.so+0xd7daf8]
V  [libjvm.so+0x8238c2]
V  [libjvm.so+0xd59f50]
V  [libjvm.so+0x8d6d72]  JNI_CreateJavaVM+0x52
C  [libjli.so+0x43e1]


---------------  P R O C E S S  ---------------

Threads class SMR info:
_java_thread_list=0x0000563dcbe30f60, length=0, elements={
}

Java Threads: ( => current thread )

Other Threads:
  0x00007fd83c027000 GCTaskThread "GC Thread#0" [stack: 0x00007fd843aad000,0x00007fd843bad000] [id=7155]
  0x00007fd83c057800 ConcurrentGCThread "G1 Main Marker" [stack: 0x00007fd840b60000,0x00007fd840c60000] [id=7156]
  0x00007fd83c059800 ConcurrentGCThread "G1 Conc#0" [stack: 0x00007fd840a5e000,0x00007fd840b5e000] [id=7157]

[error occurred during error reporting (printing all threads), id 0xb, SIGSEGV (0xb) at pc=0x00007fd844986700]

VM state:not at safepoint (not fully initialized)

VM Mutex/Monitor currently owned by a thread:  ([mutex/lock_event])
[0x00007fd83c00ed50] Heap_lock - owner thread: 0x00007fd83c011800

Heap address: 0x0000000085c00000, size: 1956 MB, Compressed Oops mode: Non-zero based: 0x0000000085c00000
Narrow klass base: 0x0000000000000000, Narrow klass shift: 0

GC Heap History (0 events):
No events

Deoptimization events (0 events):
No events

Classes redefined (0 events):
No events

Internal exceptions (0 events):
No events

Events (0 events):
No events


Dynamic libraries:
8d800000-100000000 ---p 00000000 00:00 0 
563dca0ef000-563dca0f0000 r--p 00000000 103:06 4722331                   /usr/lib/jvm/java-11-openjdk/bin/java
563dca0f0000-563dca0f1000 r-xp 00001000 103:06 4722331                   /usr/lib/jvm/java-11-openjdk/bin/java
563dca0f1000-563dca0f2000 r--p 00002000 103:06 4722331                   /usr/lib/jvm/java-11-openjdk/bin/java
563dca0f2000-563dca0f3000 r--p 00002000 103:06 4722331                   /usr/lib/jvm/java-11-openjdk/bin/java
563dca0f3000-563dca0f4000 rw-p 00003000 103:06 4722331                   /usr/lib/jvm/java-11-openjdk/bin/java
563dcbe19000-563dcbe3a000 rw-p 00000000 00:00 0                          [heap]
7fd810000000-7fd810021000 rw-p 00000000 00:00 0 
7fd810021000-7fd814000000 ---p 00000000 00:00 0 
7fd818000000-7fd818021000 rw-p 00000000 00:00 0 
7fd818021000-7fd81c000000 ---p 00000000 00:00 0 
7fd81c170000-7fd81e170000 rw-p 00000000 00:00 0 
7fd81e170000-7fd820000000 ---p 00000000 00:00 0 
7fd820000000-7fd820021000 rw-p 00000000 00:00 0 
7fd820021000-7fd824000000 ---p 00000000 00:00 0 
7fd824957000-7fd824bc7000 rwxp 00000000 00:00 0 
7fd824bc7000-7fd824ee7000 ---p 00000000 00:00 0 
7fd824ee7000-7fd825157000 rwxp 00000000 00:00 0 
7fd825157000-7fd82c41f000 ---p 00000000 00:00 0 
7fd82c41f000-7fd82c68f000 rwxp 00000000 00:00 0 
7fd82c68f000-7fd833957000 ---p 00000000 00:00 0 
7fd833957000-7fd83c000000 r--s 00000000 103:06 4723955                   /usr/lib/jvm/java-11-openjdk/lib/modules
7fd83c000000-7fd83c074000 rw-p 00000000 00:00 0 
7fd83c074000-7fd840000000 ---p 00000000 00:00 0 
7fd840658000-7fd840a5c000 rw-p 00000000 00:00 0 
7fd840a5c000-7fd840a5d000 ---p 00000000 00:00 0 
7fd840a5d000-7fd840b5e000 rw-p 00000000 00:00 0 
7fd840b5e000-7fd840b5f000 ---p 00000000 00:00 0 
7fd840b5f000-7fd840ca1000 rw-p 00000000 00:00 0 
7fd840ca1000-7fd8436a7000 ---p 00000000 00:00 0 
7fd8436a7000-7fd843aab000 rw-p 00000000 00:00 0 
7fd843aab000-7fd843aac000 ---p 00000000 00:00 0 
7fd843aac000-7fd843bb2000 rw-p 00000000 00:00 0 
7fd843bb2000-7fd843c98000 ---p 00000000 00:00 0 
7fd843c98000-7fd843c9d000 rw-p 00000000 00:00 0 
7fd843c9d000-7fd843d83000 ---p 00000000 00:00 0 
7fd843d83000-7fd843d88000 rw-p 00000000 00:00 0 
7fd843d88000-7fd843d8f000 ---p 00000000 00:00 0 
7fd843d8f000-7fd843d91000 r--p 00000000 103:06 4723217                   /usr/lib/jvm/java-11-openjdk/lib/libjimage.so
7fd843d91000-7fd843d94000 r-xp 00002000 103:06 4723217                   /usr/lib/jvm/java-11-openjdk/lib/libjimage.so
7fd843d94000-7fd843d95000 r--p 00005000 103:06 4723217                   /usr/lib/jvm/java-11-openjdk/lib/libjimage.so
7fd843d95000-7fd843d96000 ---p 00006000 103:06 4723217                   /usr/lib/jvm/java-11-openjdk/lib/libjimage.so
7fd843d96000-7fd843d97000 r--p 00006000 103:06 4723217                   /usr/lib/jvm/java-11-openjdk/lib/libjimage.so
7fd843d97000-7fd843d98000 rw-p 00007000 103:06 4723217                   /usr/lib/jvm/java-11-openjdk/lib/libjimage.so
7fd843d98000-7fd843d9a000 r--p 00000000 103:06 4723954                   /usr/lib/jvm/java-11-openjdk/lib/libzip.so
7fd843d9a000-7fd843d9e000 r-xp 00002000 103:06 4723954                   /usr/lib/jvm/java-11-openjdk/lib/libzip.so
7fd843d9e000-7fd843da0000 r--p 00006000 103:06 4723954                   /usr/lib/jvm/java-11-openjdk/lib/libzip.so
7fd843da0000-7fd843da1000 r--p 00007000 103:06 4723954                   /usr/lib/jvm/java-11-openjdk/lib/libzip.so
7fd843da1000-7fd843da2000 rw-p 00008000 103:06 4723954                   /usr/lib/jvm/java-11-openjdk/lib/libzip.so
7fd843da2000-7fd843daa000 rw-s 00000000 00:2b 71                         /tmp/hsperfdata_jacques/7147
7fd843daa000-7fd843db8000 r--p 00000000 103:06 4723211                   /usr/lib/jvm/java-11-openjdk/lib/libjava.so
7fd843db8000-7fd843dcd000 r-xp 0000e000 103:06 4723211                   /usr/lib/jvm/java-11-openjdk/lib/libjava.so
7fd843dcd000-7fd843dd4000 r--p 00023000 103:06 4723211                   /usr/lib/jvm/java-11-openjdk/lib/libjava.so
7fd843dd4000-7fd843dd5000 r--p 00029000 103:06 4723211                   /usr/lib/jvm/java-11-openjdk/lib/libjava.so
7fd843dd5000-7fd843dd6000 rw-p 0002a000 103:06 4723211                   /usr/lib/jvm/java-11-openjdk/lib/libjava.so
7fd843dd6000-7fd843dd7000 rw-p 00000000 00:00 0 
7fd843dd7000-7fd843dda000 r--p 00000000 103:06 4604048                   /usr/lib/librt-2.29.so
7fd843dda000-7fd843dde000 r-xp 00003000 103:06 4604048                   /usr/lib/librt-2.29.so
7fd843dde000-7fd843de0000 r--p 00007000 103:06 4604048                   /usr/lib/librt-2.29.so
7fd843de0000-7fd843de1000 r--p 00008000 103:06 4604048                   /usr/lib/librt-2.29.so
7fd843de1000-7fd843de2000 rw-p 00009000 103:06 4604048                   /usr/lib/librt-2.29.so
7fd843de2000-7fd843de6000 ---p 00000000 00:00 0 
7fd843de6000-7fd843ee3000 rw-p 00000000 00:00 0 
7fd843ee3000-7fd843ee6000 r--p 00000000 103:06 4591834                   /usr/lib/libgcc_s.so.1
7fd843ee6000-7fd843ef7000 r-xp 00003000 103:06 4591834                   /usr/lib/libgcc_s.so.1
7fd843ef7000-7fd843efb000 r--p 00014000 103:06 4591834                   /usr/lib/libgcc_s.so.1
7fd843efb000-7fd843efc000 r--p 00017000 103:06 4591834                   /usr/lib/libgcc_s.so.1
7fd843efc000-7fd843efd000 rw-p 00018000 103:06 4591834                   /usr/lib/libgcc_s.so.1
7fd843efd000-7fd843f0c000 r--p 00000000 103:06 4596436                   /usr/lib/libm-2.29.so
7fd843f0c000-7fd843fa8000 r-xp 0000f000 103:06 4596436                   /usr/lib/libm-2.29.so
7fd843fa8000-7fd844041000 r--p 000ab000 103:06 4596436                   /usr/lib/libm-2.29.so
7fd844041000-7fd844042000 r--p 00143000 103:06 4596436                   /usr/lib/libm-2.29.so
7fd844042000-7fd844043000 rw-p 00144000 103:06 4596436                   /usr/lib/libm-2.29.so
7fd844043000-7fd8440d8000 r--p 00000000 103:06 4593531                   /usr/lib/libstdc++.so.6.0.26
7fd8440d8000-7fd8441d0000 r-xp 00095000 103:06 4593531                   /usr/lib/libstdc++.so.6.0.26
7fd8441d0000-7fd844219000 r--p 0018d000 103:06 4593531                   /usr/lib/libstdc++.so.6.0.26
7fd844219000-7fd84421a000 ---p 001d6000 103:06 4593531                   /usr/lib/libstdc++.so.6.0.26
7fd84421a000-7fd844227000 r--p 001d6000 103:06 4593531                   /usr/lib/libstdc++.so.6.0.26
7fd844227000-7fd844228000 rw-p 001e3000 103:06 4593531                   /usr/lib/libstdc++.so.6.0.26
7fd844228000-7fd84422b000 rw-p 00000000 00:00 0 
7fd84422b000-7fd84449c000 r--p 00000000 103:06 4724499                   /usr/lib/jvm/java-11-openjdk/lib/server/libjvm.so
7fd84449c000-7fd84505f000 r-xp 00271000 103:06 4724499                   /usr/lib/jvm/java-11-openjdk/lib/server/libjvm.so
7fd84505f000-7fd84529e000 r--p 00e34000 103:06 4724499                   /usr/lib/jvm/java-11-openjdk/lib/server/libjvm.so
7fd84529e000-7fd84529f000 ---p 01073000 103:06 4724499                   /usr/lib/jvm/java-11-openjdk/lib/server/libjvm.so
7fd84529f000-7fd84535e000 r--p 01073000 103:06 4724499                   /usr/lib/jvm/java-11-openjdk/lib/server/libjvm.so
7fd84535e000-7fd845397000 rw-p 01132000 103:06 4724499                   /usr/lib/jvm/java-11-openjdk/lib/server/libjvm.so
7fd845397000-7fd8453ef000 rw-p 00000000 00:00 0 
7fd8453ef000-7fd8453f6000 r--p 00000000 103:06 4604040                   /usr/lib/libpthread-2.29.so
7fd8453f6000-7fd845405000 r-xp 00007000 103:06 4604040                   /usr/lib/libpthread-2.29.so
7fd845405000-7fd84540a000 r--p 00016000 103:06 4604040                   /usr/lib/libpthread-2.29.so
7fd84540a000-7fd84540b000 r--p 0001a000 103:06 4604040                   /usr/lib/libpthread-2.29.so
7fd84540b000-7fd84540c000 rw-p 0001b000 103:06 4604040                   /usr/lib/libpthread-2.29.so
7fd84540c000-7fd845410000 rw-p 00000000 00:00 0 
7fd845410000-7fd845411000 r--p 00000000 103:06 4596430                   /usr/lib/libdl-2.29.so
7fd845411000-7fd845412000 r-xp 00001000 103:06 4596430                   /usr/lib/libdl-2.29.so
7fd845412000-7fd845413000 r--p 00002000 103:06 4596430                   /usr/lib/libdl-2.29.so
7fd845413000-7fd845414000 r--p 00002000 103:06 4596430                   /usr/lib/libdl-2.29.so
7fd845414000-7fd845415000 rw-p 00003000 103:06 4596430                   /usr/lib/libdl-2.29.so
7fd845415000-7fd84542b000 r-xp 00000000 103:06 4593760                   /usr/lib/libz.so.1.2.11
7fd84542b000-7fd84562a000 ---p 00016000 103:06 4593760                   /usr/lib/libz.so.1.2.11
7fd84562a000-7fd84562b000 r--p 00015000 103:06 4593760                   /usr/lib/libz.so.1.2.11
7fd84562b000-7fd84562c000 rw-p 00016000 103:06 4593760                   /usr/lib/libz.so.1.2.11
7fd84562c000-7fd845651000 r--p 00000000 103:06 4596421                   /usr/lib/libc-2.29.so
7fd845651000-7fd84579b000 r-xp 00025000 103:06 4596421                   /usr/lib/libc-2.29.so
7fd84579b000-7fd8457e4000 r--p 0016f000 103:06 4596421                   /usr/lib/libc-2.29.so
7fd8457e4000-7fd8457e5000 ---p 001b8000 103:06 4596421                   /usr/lib/libc-2.29.so
7fd8457e5000-7fd8457e8000 r--p 001b8000 103:06 4596421                   /usr/lib/libc-2.29.so
7fd8457e8000-7fd8457eb000 rw-p 001bb000 103:06 4596421                   /usr/lib/libc-2.29.so
7fd8457eb000-7fd8457ef000 rw-p 00000000 00:00 0 
7fd8457f3000-7fd8457f6000 r--p 00000000 103:06 4602766                   /usr/lib/libnss_files-2.29.so
7fd8457f6000-7fd8457fd000 r-xp 00003000 103:06 4602766                   /usr/lib/libnss_files-2.29.so
7fd8457fd000-7fd8457ff000 r--p 0000a000 103:06 4602766                   /usr/lib/libnss_files-2.29.so
7fd8457ff000-7fd845800000 r--p 0000b000 103:06 4602766                   /usr/lib/libnss_files-2.29.so
7fd845800000-7fd845801000 rw-p 0000c000 103:06 4602766                   /usr/lib/libnss_files-2.29.so
7fd845801000-7fd845807000 rw-p 00000000 00:00 0 
7fd845807000-7fd845808000 ---p 00000000 00:00 0 
7fd845808000-7fd845809000 r--p 00000000 00:00 0 
7fd845809000-7fd84580e000 r--p 00000000 103:06 4723952                   /usr/lib/jvm/java-11-openjdk/lib/libverify.so
7fd84580e000-7fd845815000 r-xp 00005000 103:06 4723952                   /usr/lib/jvm/java-11-openjdk/lib/libverify.so
7fd845815000-7fd845817000 r--p 0000c000 103:06 4723952                   /usr/lib/jvm/java-11-openjdk/lib/libverify.so
7fd845817000-7fd845818000 ---p 0000e000 103:06 4723952                   /usr/lib/jvm/java-11-openjdk/lib/libverify.so
7fd845818000-7fd84581a000 r--p 0000e000 103:06 4723952                   /usr/lib/jvm/java-11-openjdk/lib/libverify.so
7fd84581a000-7fd84581b000 rw-p 00010000 103:06 4723952                   /usr/lib/jvm/java-11-openjdk/lib/libverify.so
7fd84581b000-7fd84581e000 r--p 00000000 103:06 4722356                   /usr/lib/jvm/java-11-openjdk/lib/jli/libjli.so
7fd84581e000-7fd845828000 r-xp 00003000 103:06 4722356                   /usr/lib/jvm/java-11-openjdk/lib/jli/libjli.so
7fd845828000-7fd84582b000 r--p 0000d000 103:06 4722356                   /usr/lib/jvm/java-11-openjdk/lib/jli/libjli.so
7fd84582b000-7fd84582c000 ---p 00010000 103:06 4722356                   /usr/lib/jvm/java-11-openjdk/lib/jli/libjli.so
7fd84582c000-7fd84582d000 r--p 00010000 103:06 4722356                   /usr/lib/jvm/java-11-openjdk/lib/jli/libjli.so
7fd84582d000-7fd84582e000 rw-p 00011000 103:06 4722356                   /usr/lib/jvm/java-11-openjdk/lib/jli/libjli.so
7fd84582e000-7fd845830000 rw-p 00000000 00:00 0 
7fd845830000-7fd845832000 r--p 00000000 103:06 4596410                   /usr/lib/ld-2.29.so
7fd845832000-7fd845851000 r-xp 00002000 103:06 4596410                   /usr/lib/ld-2.29.so
7fd845851000-7fd845859000 r--p 00021000 103:06 4596410                   /usr/lib/ld-2.29.so
7fd84585a000-7fd84585b000 r--p 00029000 103:06 4596410                   /usr/lib/ld-2.29.so
7fd84585b000-7fd84585c000 rw-p 0002a000 103:06 4596410                   /usr/lib/ld-2.29.so
7fd84585c000-7fd84585d000 rw-p 00000000 00:00 0 
7ffd27095000-7ffd270b6000 rw-p 00000000 00:00 0                          [stack]
7ffd27177000-7ffd2717a000 r--p 00000000 00:00 0                          [vvar]
7ffd2717a000-7ffd2717c000 r-xp 00000000 00:00 0                          [vdso]


VM Arguments:
jvm_args: -Dfile.encoding=UTF-8 
java_command: bigint.BigTest
java_class_path (initial): /home/jacques/eclipse-workspace/Big Integer/bin
Launcher Type: SUN_STANDARD

[Global flags]
     intx CICompilerCount                          = 3                                         {product} {ergonomic}
     uint ConcGCThreads                            = 1                                         {product} {ergonomic}
     uint G1ConcRefinementThreads                  = 4                                         {product} {ergonomic}
   size_t G1HeapRegionSize                         = 1048576                                   {product} {ergonomic}
    uintx GCDrainStackTargetSize                   = 64                                        {product} {ergonomic}
   size_t InitialHeapSize                          = 130023424                                 {product} {ergonomic}
   size_t MarkStackSize                            = 4194304                                   {product} {ergonomic}
   size_t MaxHeapSize                              = 2051014656                                {product} {ergonomic}
   size_t MinHeapDeltaBytes                        = 1048576                                   {product} {ergonomic}
    uintx NonNMethodCodeHeapSize                   = 5830092                                {pd product} {ergonomic}
    uintx NonProfiledCodeHeapSize                  = 122914074                              {pd product} {ergonomic}
    uintx ProfiledCodeHeapSize                     = 122914074                              {pd product} {ergonomic}
    uintx ReservedCodeCacheSize                    = 251658240                              {pd product} {ergonomic}
     bool SegmentedCodeCache                       = true                                      {product} {ergonomic}
     bool UseCompressedClassPointers               = true                                 {lp64_product} {ergonomic}
     bool UseCompressedOops                        = true                                 {lp64_product} {ergonomic}
     bool UseG1GC                                  = true                                      {product} {ergonomic}

Logging:
Log output configuration:
 #0: stdout all=warning uptime,level,tags
 #1: stderr all=off uptime,level,tags

Environment Variables:
PATH=/home/jacques/.local/bin:/usr/local/bin:/usr/bin:/bin:/usr/local/sbin:/usr/lib/jvm/default/bin:/usr/bin/site_perl:/usr/bin/vendor_perl:/usr/bin/core_perl
SHELL=/bin/bash
DISPLAY=:0

Signal Handlers:
SIGSEGV: [libjvm.so+0xdc05b0], sa_mask[0]=11111111011111111101111111111110, sa_flags=SA_RESTART|SA_SIGINFO
SIGBUS: [libjvm.so+0xdc05b0], sa_mask[0]=11111111011111111101111111111110, sa_flags=SA_RESTART|SA_SIGINFO
SIGFPE: [libjvm.so+0xdc05b0], sa_mask[0]=11111111011111111101111111111110, sa_flags=SA_RESTART|SA_SIGINFO
SIGPIPE: [libjvm.so+0xbb7680], sa_mask[0]=11111111011111111101111111111110, sa_flags=SA_RESTART|SA_SIGINFO
SIGXFSZ: [libjvm.so+0xbb7680], sa_mask[0]=11111111011111111101111111111110, sa_flags=SA_RESTART|SA_SIGINFO
SIGILL: [libjvm.so+0xdc05b0], sa_mask[0]=11111111011111111101111111111110, sa_flags=SA_RESTART|SA_SIGINFO
SIGUSR2: [libjvm.so+0xbb7510], sa_mask[0]=00100000000000000000000000000000, sa_flags=SA_RESTART|SA_SIGINFO
SIGHUP: SIG_DFL, sa_mask[0]=00000000000000000000000000000000, sa_flags=none
SIGINT: SIG_DFL, sa_mask[0]=00000000000000000000000000000000, sa_flags=none
SIGTERM: SIG_DFL, sa_mask[0]=00000000000000000000000000000000, sa_flags=none
SIGQUIT: SIG_DFL, sa_mask[0]=00000000000000000000000000000000, sa_flags=none


---------------  S Y S T E M  ---------------

OS:DISTRIB_ID=ManjaroLinux
DISTRIB_RELEASE=18.1.0
DISTRIB_CODENAME=Juhraya
DISTRIB_DESCRIPTION="Manjaro Linux"
uname:Linux 4.19.69-1-MANJARO #1 SMP PREEMPT Thu Aug 29 08:51:46 UTC 2019 x86_64
libc:glibc 2.29 NPTL 2.29 
rlimit: STACK 8192k, CORE infinity, NPROC 31068, NOFILE 524288, AS infinity, DATA infinity, FSIZE infinity
load average:0.69 0.71 0.67

/proc/meminfo:
MemTotal:        8011652 kB
MemFree:          139148 kB
MemAvailable:      62476 kB
Buffers:            2832 kB
Cached:          2221792 kB
SwapCached:            0 kB
Active:          5272772 kB
Inactive:        2178176 kB
Active(anon):    5236204 kB
Inactive(anon):  2141556 kB
Active(file):      36568 kB
Inactive(file):    36620 kB
Unevictable:          64 kB
Mlocked:              64 kB
SwapTotal:             0 kB
SwapFree:              0 kB
Dirty:                20 kB
Writeback:             0 kB
AnonPages:       5226600 kB
Mapped:           448168 kB
Shmem:           2151276 kB
Slab:             169612 kB
SReclaimable:      55216 kB
SUnreclaim:       114396 kB
KernelStack:       22416 kB
PageTables:        69744 kB
NFS_Unstable:          0 kB
Bounce:                0 kB
WritebackTmp:          0 kB
CommitLimit:     4005824 kB
Committed_AS:   19786068 kB
VmallocTotal:   34359738367 kB
VmallocUsed:           0 kB
VmallocChunk:          0 kB
Percpu:             1456 kB
HardwareCorrupted:     0 kB
AnonHugePages:         0 kB
ShmemHugePages:        0 kB
ShmemPmdMapped:        0 kB
HugePages_Total:       0
HugePages_Free:        0
HugePages_Rsvd:        0
HugePages_Surp:        0
Hugepagesize:       2048 kB
Hugetlb:               0 kB
DirectMap4k:      591604 kB
DirectMap2M:     7643136 kB
DirectMap1G:           0 kB


/proc/sys/kernel/threads-max (system-wide limit on the number of threads):
62136


/proc/sys/vm/max_map_count (maximum number of memory map areas a process may have):
65530


/proc/sys/kernel/pid_max (system-wide limit on number of process identifiers):
32768



container (cgroup) information:
container_type: cgroupv1
cpu_cpuset_cpus: 0-3
cpu_memory_nodes: 0
active_processor_count: 4
cpu_quota: -1
cpu_period: 100000
cpu_shares: -1
memory_limit_in_bytes: -1
memory_and_swap_limit_in_bytes: -1
memory_soft_limit_in_bytes: -1
memory_usage_in_bytes: 7210250240
memory_max_usage_in_bytes: 7267090432

Steal ticks since vm start: 0
Steal ticks percentage since vm start:  0.000

CPU:total 4 (initial active 4) (4 cores per cpu, 1 threads per core) family 6 model 158 stepping 9, cmov, cx8, fxsr, mmx, sse, sse2, sse3, ssse3, sse4.1, sse4.2, popcnt, avx, avx2, aes, clmul, erms, 3dnowpref, lzcnt, tsc, tscinvbit, bmi1, bmi2, adx, fma
CPU Model and flags from /proc/cpuinfo:
model name	: Intel(R) Core(TM) i5-7300HQ CPU @ 2.50GHz
flags		: fpu vme de pse tsc msr pae mce cx8 apic sep mtrr pge mca cmov pat pse36 clflush dts acpi mmx fxsr sse sse2 ss ht tm pbe syscall nx pdpe1gb rdtscp lm constant_tsc art arch_perfmon pebs bts rep_good nopl xtopology nonstop_tsc cpuid aperfmperf tsc_known_freq pni pclmulqdq dtes64 monitor ds_cpl vmx est tm2 ssse3 sdbg fma cx16 xtpr pdcm pcid sse4_1 sse4_2 x2apic movbe popcnt tsc_deadline_timer aes xsave avx f16c rdrand lahf_lm abm 3dnowprefetch cpuid_fault epb invpcid_single pti ssbd ibrs ibpb stibp tpr_shadow vnmi flexpriority ept vpid ept_ad fsgsbase tsc_adjust bmi1 avx2 smep bmi2 erms invpcid mpx rdseed adx smap clflushopt intel_pt xsaveopt xsavec xgetbv1 xsaves dtherm ida arat pln pts hwp hwp_notify hwp_act_window hwp_epp md_clear flush_l1d

Memory: 4k page, physical 8011652k(139148k free), swap 0k(0k free)

vm_info: OpenJDK 64-Bit Server VM (11.0.4+11) for linux-amd64 JRE (11.0.4+11), built on Jul 24 2019 22:42:35 by "builduser" with gcc 9.1.0

END.
